#
# A fatal error has been detected by the Java Runtime Environment:
#
#  EXCEPTION_ACCESS_VIOLATION (0xc0000005) at pc=0x00007ffed324e0a9, pid=6328, tid=4804
#
# JRE version: OpenJDK Runtime Environment Microsoft-8035246 (17.0.8+7) (build 17.0.8+7-LTS)
# Java VM: OpenJDK 64-Bit Server VM Microsoft-8035246 (17.0.8+7-LTS, mixed mode, sharing, tiered, compressed oops, compressed class ptrs, g1 gc, windows-amd64)
# Problematic frame:
# V  [jvm.dll+0x2be0a9]
#
# No core dump will be written. Minidumps are not enabled by default on client versions of Windows
#
# If you would like to submit a bug report, please visit:
#   https://github.com/microsoft/openjdk/issues
#

---------------  S U M M A R Y ------------

Command Line: -XX:MaxMetaspaceSize=512m --add-opens=java.base/java.util=ALL-UNNAMED --add-opens=java.base/java.lang=ALL-UNNAMED --add-opens=java.base/java.lang.invoke=ALL-UNNAMED --add-opens=java.prefs/java.util.prefs=ALL-UNNAMED --add-opens=java.base/java.nio.charset=ALL-UNNAMED --add-opens=java.base/java.net=ALL-UNNAMED --add-opens=java.base/java.util.concurrent.atomic=ALL-UNNAMED -Xmx2048m -Dfile.encoding=windows-1252 -Duser.country=IN -Duser.language=en -Duser.variant -javaagent:C:\Users\nitin\.gradle\wrapper\dists\gradle-8.3-all\6en3ugtfdg5xnpx44z4qbwgas\gradle-8.3\lib\agents\gradle-instrumentation-agent-8.3.jar org.gradle.launcher.daemon.bootstrap.GradleDaemon 8.3

Host: 11th Gen Intel(R) Core(TM) i3-1115G4 @ 3.00GHz, 4 cores, 7G,  Windows 11 , 64 bit Build 22621 (10.0.22621.3235)
Time: Tue Apr  2 11:00:36 2024 India Standard Time elapsed time: 24.549640 seconds (0d 0h 0m 24s)

---------------  T H R E A D  ---------------

Current thread (0x000001fc73866ae0):  JavaThread "C2 CompilerThread1" daemon [_thread_in_native, id=4804, stack(0x000000873f800000,0x000000873f900000)]


Current CompileTask:
C2:  24549 15700       4       org.gradle.cache.internal.ExclusiveCacheAccessingWorker$1::call (10 bytes)

Stack: [0x000000873f800000,0x000000873f900000],  sp=0x000000873f8fb440,  free space=1005k
Native frames: (J=compiled Java code, j=interpreted, Vv=VM code, C=native code)
V  [jvm.dll+0x2be0a9]
V  [jvm.dll+0x21ba8b]
V  [jvm.dll+0x21944b]
V  [jvm.dll+0x1a56b6]
V  [jvm.dll+0x2291ea]
V  [jvm.dll+0x22724c]
V  [jvm.dll+0x7efd0c]
V  [jvm.dll+0x7ea13a]
V  [jvm.dll+0x67ad85]
C  [ucrtbase.dll+0x29363]
C  [KERNEL32.DLL+0x1257d]
C  [ntdll.dll+0x5aa58]


siginfo: EXCEPTION_ACCESS_VIOLATION (0xc0000005), reading address 0x0000000000000028


Register to memory mapping:

RIP=0x00007ffed324e0a9 jvm.dll
RAX=0x000001fc7c7b19e0 points into unknown readable memory: 0x0000000000000000 | 00 00 00 00 00 00 00 00
RBX=0x00000000000017d5 is an unknown value
RCX=0x0 is NULL
RDX=0x0 is NULL
RSP=0x000000873f8fb440 is pointing into the stack for thread: 0x000001fc73866ae0
RBP=0x000000873f8fb4b0 is pointing into the stack for thread: 0x000001fc73866ae0
RSI=0x0 is NULL
RDI=0x0000000000000048 is an unknown value
R8 =0x000000000000ffe0 is an unknown value
R9 =0x0 is NULL
R10=0x00007ffed5dd0000 VCRUNTIME140.dll
R11=0x000001fc7c7b1a00 points into unknown readable memory: 0x0000000000000000 | 00 00 00 00 00 00 00 00
R12=0x0000000000000050 is an unknown value
R13=0x0 is NULL
R14=0x0 is NULL
R15=0x000000873f8fe660 is pointing into the stack for thread: 0x000001fc73866ae0


Registers:
RAX=0x000001fc7c7b19e0, RBX=0x00000000000017d5, RCX=0x0000000000000000, RDX=0x0000000000000000
RSP=0x000000873f8fb440, RBP=0x000000873f8fb4b0, RSI=0x0000000000000000, RDI=0x0000000000000048
R8 =0x000000000000ffe0, R9 =0x0000000000000000, R10=0x00007ffed5dd0000, R11=0x000001fc7c7b1a00
R12=0x0000000000000050, R13=0x0000000000000000, R14=0x0000000000000000, R15=0x000000873f8fe660
RIP=0x00007ffed324e0a9, EFLAGS=0x0000000000010202

Top of Stack: (sp=0x000000873f8fb440)
0x000000873f8fb440:   00000000000017d5 0000000000000000
0x000000873f8fb450:   000000873f8fe660 00007ffed31b38d1
0x000000873f8fb460:   000001fc7b0eb430 00007ffe00002000
0x000000873f8fb470:   000001fc7c7b19e0 0000000000000000
0x000000873f8fb480:   0000000000000002 000001fc7b5887e0
0x000000873f8fb490:   0000000000000002 000001fc7b0eb430
0x000000873f8fb4a0:   0000000000000000 0000000000000000
0x000000873f8fb4b0:   000001fc7600d070 000001fc335e4ca0
0x000000873f8fb4c0:   0000000000000048 00007ffed38d4c08
0x000000873f8fb4d0:   000000873f8fb5e0 00007ffed31aba8b
0x000000873f8fb4e0:   000000873f8fe660 00007ffed38d4c08
0x000000873f8fb4f0:   000000873f8fe660 000000873f8fb5e0
0x000000873f8fb500:   0000008700000000 000000873f8ff1c0
0x000000873f8fb510:   000000870000000f 000000873f8fe660
0x000000873f8fb520:   000000873f8fb690 00007ffe00000000
0x000000873f8fb530:   000001fc00000100 00007ffed38d4c08 

Instructions: (pc=0x00007ffed324e0a9)
0x00007ffed324dfa9:   3b d0 75 0b ff c1 41 3b c9 7c dc 48 8b c2 c3 33
0x00007ffed324dfb9:   c0 c3 cc cc cc cc cc 48 89 5c 24 18 55 56 57 41
0x00007ffed324dfc9:   55 41 57 48 8b ec 48 83 ec 70 65 48 8b 04 25 58
0x00007ffed324dfd9:   00 00 00 48 8b f2 44 8b 05 d2 8b 90 00 4c 8b f9
0x00007ffed324dfe9:   4a 8b 1c c0 b8 50 00 00 00 80 3c 18 00 75 05 e8
0x00007ffed324dff9:   8b 6f 5d 00 b8 20 00 00 00 48 8b 04 18 48 8b 98
0x00007ffed324e009:   38 02 00 00 48 89 5d b0 c7 45 b8 04 00 00 00 48
0x00007ffed324e019:   8b 43 18 48 83 f8 df 76 18 4c 8d 05 37 a9 65 00
0x00007ffed324e029:   ba 20 00 00 00 48 8b cb e8 5a eb de ff 48 8b 43
0x00007ffed324e039:   18 48 8d 48 20 48 3b 4b 20 76 11 45 33 c0 48 8b
0x00007ffed324e049:   cb 41 8d 50 20 e8 fd e8 de ff eb 04 48 89 4b 18
0x00007ffed324e059:   44 8b 45 b8 33 d2 49 c1 e0 03 48 8b c8 48 89 45
0x00007ffed324e069:   c0 e8 e3 80 5d 00 45 33 ed 48 8d 4d d0 44 89 6d
0x00007ffed324e079:   c8 e8 01 59 56 00 41 8b 9f 40 02 00 00 41 2b 9f
0x00007ffed324e089:   68 02 00 00 44 89 6d f0 3b 5d b8 72 0b 8b d3 48
0x00007ffed324e099:   8d 4d b0 e8 6f b3 39 00 48 8b 45 c0 4c 89 2c d8
0x00007ffed324e0a9:   8b 7e 28 8b df c1 eb 05 3b 5d d0 72 0b 8b d3 48
0x00007ffed324e0b9:   8d 4d d0 e8 1f 59 56 00 48 8b 45 d8 83 e7 1f 48
0x00007ffed324e0c9:   8d 14 98 40 0f b6 cf 41 b8 01 00 00 00 41 d3 e0
0x00007ffed324e0d9:   8b 0a 8b c1 41 0b c0 89 02 41 85 c8 75 21 8b 5d
0x00007ffed324e0e9:   c8 8d 43 01 89 45 c8 3b 5d b8 72 0b 8b d3 48 8d
0x00007ffed324e0f9:   4d b0 e8 10 b3 39 00 48 8b 45 c0 48 89 34 d8 44
0x00007ffed324e109:   39 6d c8 0f 86 77 01 00 00 4c 89 a4 24 a0 00 00
0x00007ffed324e119:   00 4c 89 b4 24 a8 00 00 00 48 8b 45 c0 41 8b cd
0x00007ffed324e129:   48 8b 34 c8 8b 46 2c 25 ff 1f 00 00 3d 04 10 00
0x00007ffed324e139:   00 0f 85 a7 00 00 00 bb 01 00 00 00 39 5e 18 76
0x00007ffed324e149:   39 66 0f 1f 44 00 00 48 8b 46 08 8b cb 48 8b 14
0x00007ffed324e159:   c8 48 85 d2 74 1d 48 83 7a 10 00 74 16 80 7a 2c
0x00007ffed324e169:   84 74 10 e8 7f 7e ee ff 48 8b d0 49 8b cf e8 a4
0x00007ffed324e179:   61 f6 ff ff c3 3b 5e 18 72 cd 48 8b 5e 10 8b 46
0x00007ffed324e189:   20 4c 8d 34 c3 49 3b de 73 54 48 8b 3b 8b 47 2c
0x00007ffed324e199:   83 e0 03 3c 03 75 2e 48 8b 07 48 8b cf ff 90 88 


Stack slot to memory mapping:
stack at sp + 0 slots: 0x00000000000017d5 is an unknown value
stack at sp + 1 slots: 0x0 is NULL
stack at sp + 2 slots: 0x000000873f8fe660 is pointing into the stack for thread: 0x000001fc73866ae0
stack at sp + 3 slots: 0x00007ffed31b38d1 jvm.dll
stack at sp + 4 slots: 0x000001fc7b0eb430 points into unknown readable memory: 0x00007ffe00000006 | 06 00 00 00 fe 7f 00 00
stack at sp + 5 slots: 0x00007ffe00002000 is an unknown value
stack at sp + 6 slots: 0x000001fc7c7b19e0 points into unknown readable memory: 0x0000000000000000 | 00 00 00 00 00 00 00 00
stack at sp + 7 slots: 0x0 is NULL


---------------  P R O C E S S  ---------------

Threads class SMR info:
_java_thread_list=0x000001fc71def620, length=97, elements={
0x000001fc335ccc00, 0x000001fc511b0b70, 0x000001fc511b1730, 0x000001fc511c8b10,
0x000001fc511c95e0, 0x000001fc511ca1a0, 0x000001fc511cec80, 0x000001fc511daf30,
0x000001fc51300140, 0x000001fc511db930, 0x000001fc513f19c0, 0x000001fc514a0b10,
0x000001fc7214e610, 0x000001fc710c90e0, 0x000001fc71c10ce0, 0x000001fc712c8d70,
0x000001fc71660b50, 0x000001fc71682af0, 0x000001fc716811a0, 0x000001fc71681bc0,
0x000001fc716816b0, 0x000001fc716820d0, 0x000001fc728b17a0, 0x000001fc728b2be0,
0x000001fc728b6390, 0x000001fc728b4a40, 0x000001fc728b3600, 0x000001fc728b72c0,
0x000001fc728b68a0, 0x000001fc728b1cb0, 0x000001fc728b1290, 0x000001fc728b30f0,
0x000001fc728b4f50, 0x000001fc728b5970, 0x000001fc728b5460, 0x000001fc728b6db0,
0x000001fc728b3b10, 0x000001fc728b21c0, 0x000001fc728b4020, 0x000001fc728b26d0,
0x000001fc728b4530, 0x000001fc728b77d0, 0x000001fc728b0d80, 0x000001fc728b0870,
0x000001fc739bed90, 0x000001fc739bf7b0, 0x000001fc739c01d0, 0x000001fc739bfcc0,
0x000001fc739be370, 0x000001fc739c1b20, 0x000001fc739c06e0, 0x000001fc739c3e90,
0x000001fc739c2540, 0x000001fc739c2a50, 0x000001fc739bf2a0, 0x000001fc739bcf30,
0x000001fc739bca20, 0x000001fc739bd440, 0x000001fc739c0bf0, 0x000001fc739c1610,
0x000001fc739c2f60, 0x000001fc739c2030, 0x000001fc739c3470, 0x000001fc739c43a0,
0x000001fc739bd950, 0x000001fc739bde60, 0x000001fc73866ae0, 0x000001fc716825e0,
0x000001fc75e61e30, 0x000001fc75e5fac0, 0x000001fc75e641a0, 0x000001fc75e646b0,
0x000001fc75e60f00, 0x000001fc75e61920, 0x000001fc75e66a20, 0x000001fc75e64bc0,
0x000001fc75e604e0, 0x000001fc75e66000, 0x000001fc75e63270, 0x000001fc75e609f0,
0x000001fc75e66510, 0x000001fc75e61410, 0x000001fc75e62850, 0x000001fc75e62d60,
0x000001fc7c4543d0, 0x000001fc7c456230, 0x000001fc7c455300, 0x000001fc7c4548e0,
0x000001fc7c456740, 0x000001fc7c455810, 0x000001fc7c455d20, 0x000001fc7c454df0,
0x000001fc7c456c50, 0x000001fc7c457160, 0x000001fc7c4539b0, 0x000001fc7c453ec0,
0x000001fc7c6d7530
}

Java Threads: ( => current thread )
  0x000001fc335ccc00 JavaThread "main" [_thread_blocked, id=10560, stack(0x000000873c400000,0x000000873c500000)]
  0x000001fc511b0b70 JavaThread "Reference Handler" daemon [_thread_blocked, id=10208, stack(0x000000873cb00000,0x000000873cc00000)]
  0x000001fc511b1730 JavaThread "Finalizer" daemon [_thread_blocked, id=7736, stack(0x000000873cc00000,0x000000873cd00000)]
  0x000001fc511c8b10 JavaThread "Signal Dispatcher" daemon [_thread_blocked, id=14960, stack(0x000000873cd00000,0x000000873ce00000)]
  0x000001fc511c95e0 JavaThread "Attach Listener" daemon [_thread_blocked, id=14292, stack(0x000000873ce00000,0x000000873cf00000)]
  0x000001fc511ca1a0 JavaThread "Service Thread" daemon [_thread_blocked, id=3436, stack(0x000000873cf00000,0x000000873d000000)]
  0x000001fc511cec80 JavaThread "Monitor Deflation Thread" daemon [_thread_blocked, id=14688, stack(0x000000873d000000,0x000000873d100000)]
  0x000001fc511daf30 JavaThread "C2 CompilerThread0" daemon [_thread_in_native, id=11856, stack(0x000000873d100000,0x000000873d200000)]
  0x000001fc51300140 JavaThread "C1 CompilerThread0" daemon [_thread_blocked, id=14532, stack(0x000000873d200000,0x000000873d300000)]
  0x000001fc511db930 JavaThread "Sweeper thread" daemon [_thread_blocked, id=14584, stack(0x000000873d300000,0x000000873d400000)]
  0x000001fc513f19c0 JavaThread "Common-Cleaner" daemon [_thread_blocked, id=3856, stack(0x000000873d400000,0x000000873d500000)]
  0x000001fc514a0b10 JavaThread "Notification Thread" daemon [_thread_blocked, id=3824, stack(0x000000873d500000,0x000000873d600000)]
  0x000001fc7214e610 JavaThread "Daemon health stats" [_thread_blocked, id=9176, stack(0x000000873db00000,0x000000873dc00000)]
  0x000001fc710c90e0 JavaThread "Incoming local TCP Connector on port 50024" [_thread_in_native, id=7508, stack(0x000000873dc00000,0x000000873dd00000)]
  0x000001fc71c10ce0 JavaThread "Daemon periodic checks" [_thread_blocked, id=14280, stack(0x000000873dd00000,0x000000873de00000)]
  0x000001fc712c8d70 JavaThread "Daemon" [_thread_blocked, id=6808, stack(0x000000873de00000,0x000000873df00000)]
  0x000001fc71660b50 JavaThread "Handler for socket connection from /127.0.0.1:50024 to /127.0.0.1:50025" [_thread_in_native, id=14508, stack(0x000000873df00000,0x000000873e000000)]
  0x000001fc71682af0 JavaThread "Cancel handler" [_thread_blocked, id=14932, stack(0x000000873e000000,0x000000873e100000)]
  0x000001fc716811a0 JavaThread "Daemon worker" [_thread_blocked, id=15356, stack(0x000000873e100000,0x000000873e200000)]
  0x000001fc71681bc0 JavaThread "Asynchronous log dispatcher for DefaultDaemonConnection: socket connection from /127.0.0.1:50024 to /127.0.0.1:50025" [_thread_blocked, id=14912, stack(0x000000873e200000,0x000000873e300000)]
  0x000001fc716816b0 JavaThread "Stdin handler" [_thread_blocked, id=6560, stack(0x000000873e300000,0x000000873e400000)]
  0x000001fc716820d0 JavaThread "Daemon client event forwarder" [_thread_blocked, id=6568, stack(0x000000873e400000,0x000000873e500000)]
  0x000001fc728b17a0 JavaThread "Cache worker for journal cache (C:\Users\nitin\.gradle\caches\journal-1)" [_thread_blocked, id=6040, stack(0x000000873e500000,0x000000873e600000)]
  0x000001fc728b2be0 JavaThread "File lock request listener" [_thread_in_native, id=9968, stack(0x000000873e600000,0x000000873e700000)]
  0x000001fc728b6390 JavaThread "Cache worker for file hash cache (C:\Users\nitin\.gradle\caches\8.3\fileHashes)" [_thread_blocked, id=6884, stack(0x000000873e700000,0x000000873e800000)]
  0x000001fc728b4a40 JavaThread "File watcher server" daemon [_thread_in_native, id=7532, stack(0x000000873e800000,0x000000873e900000)]
  0x000001fc728b3600 JavaThread "File watcher consumer" daemon [_thread_blocked, id=7128, stack(0x000000873e900000,0x000000873ea00000)]
  0x000001fc728b72c0 JavaThread "Cache worker for checksums cache (C:\Users\nitin\OneDrive\Desktop\CrophubNew\frontend\android\.gradle\8.3\checksums)" [_thread_blocked, id=6540, stack(0x000000873ea00000,0x000000873eb00000)]
  0x000001fc728b68a0 JavaThread "Cache worker for file hash cache (C:\Users\nitin\OneDrive\Desktop\CrophubNew\frontend\android\.gradle\8.3\fileHashes)" [_thread_blocked, id=6652, stack(0x000000873eb00000,0x000000873ec00000)]
  0x000001fc728b1cb0 JavaThread "Cache worker for cache directory md-supplier (C:\Users\nitin\.gradle\caches\8.3\md-supplier)" [_thread_blocked, id=6752, stack(0x000000873ec00000,0x000000873ed00000)]
  0x000001fc728b1290 JavaThread "Cache worker for file content cache (C:\Users\nitin\.gradle\caches\8.3\fileContent)" [_thread_blocked, id=6852, stack(0x000000873ed00000,0x000000873ee00000)]
  0x000001fc728b30f0 JavaThread "Cache worker for cache directory md-rule (C:\Users\nitin\.gradle\caches\8.3\md-rule)" [_thread_blocked, id=7388, stack(0x000000873ef00000,0x000000873f000000)]
  0x000001fc728b4f50 JavaThread "Cache worker for execution history cache (C:\Users\nitin\.gradle\caches\8.3\executionHistory)" [_thread_blocked, id=8712, stack(0x000000873f000000,0x000000873f100000)]
  0x000001fc728b5970 JavaThread "jar transforms" [_thread_blocked, id=6656, stack(0x000000873f100000,0x000000873f200000)]
  0x000001fc728b5460 JavaThread "jar transforms Thread 2" [_thread_blocked, id=6304, stack(0x000000873f200000,0x000000873f300000)]
  0x000001fc728b6db0 JavaThread "jar transforms Thread 3" [_thread_blocked, id=8408, stack(0x000000873f300000,0x000000873f400000)]
  0x000001fc728b3b10 JavaThread "jar transforms Thread 4" [_thread_blocked, id=2112, stack(0x000000873f400000,0x000000873f500000)]
  0x000001fc728b21c0 JavaThread "Cache worker for kotlin-dsl (C:\Users\nitin\.gradle\caches\8.3\kotlin-dsl)" [_thread_blocked, id=14568, stack(0x000000873f500000,0x000000873f600000)]
  0x000001fc728b4020 JavaThread "Unconstrained build operations" [_thread_blocked, id=4428, stack(0x000000873d700000,0x000000873d800000)]
  0x000001fc728b26d0 JavaThread "Unconstrained build operations Thread 2" [_thread_blocked, id=11632, stack(0x000000873f700000,0x000000873f800000)]
  0x000001fc728b4530 JavaThread "Cache worker for dependencies-accessors (C:\Users\nitin\OneDrive\Desktop\CrophubNew\frontend\android\.gradle\8.3\dependencies-accessors)" [_thread_blocked, id=2360, stack(0x000000873f900000,0x000000873fa00000)]
  0x000001fc728b77d0 JavaThread "Cache worker for Build Output Cleanup Cache (C:\Users\nitin\OneDrive\Desktop\CrophubNew\frontend\node_modules\@react-native\gradle-plugin\.gradle\buildOutputCleanup)" [_thread_blocked, id=9380, stack(0x000000873fa00000,0x000000873fb00000)]
  0x000001fc728b0d80 JavaThread "Unconstrained build operations Thread 3" [_thread_blocked, id=7276, stack(0x000000873fb00000,0x000000873fc00000)]
  0x000001fc728b0870 JavaThread "Unconstrained build operations Thread 4" [_thread_blocked, id=7884, stack(0x000000873fc00000,0x000000873fd00000)]
  0x000001fc739bed90 JavaThread "Unconstrained build operations Thread 5" [_thread_blocked, id=7872, stack(0x000000873fd00000,0x000000873fe00000)]
  0x000001fc739bf7b0 JavaThread "Memory manager" [_thread_blocked, id=9984, stack(0x000000873fe00000,0x000000873ff00000)]
  0x000001fc739c01d0 JavaThread "Cache worker for Build Output Cleanup Cache (C:\Users\nitin\OneDrive\Desktop\CrophubNew\frontend\android\.gradle\buildOutputCleanup)" [_thread_blocked, id=10288, stack(0x000000873ff00000,0x0000008740000000)]
  0x000001fc739bfcc0 JavaThread "ForkJoinPool.commonPool-worker-1" daemon [_thread_blocked, id=13052, stack(0x0000008740000000,0x0000008740100000)]
  0x000001fc739be370 JavaThread "ForkJoinPool.commonPool-worker-2" daemon [_thread_blocked, id=13496, stack(0x0000008740100000,0x0000008740200000)]
  0x000001fc739c1b20 JavaThread "ForkJoinPool.commonPool-worker-3" daemon [_thread_blocked, id=13536, stack(0x0000008740200000,0x0000008740300000)]
  0x000001fc739c06e0 JavaThread "Exec process" daemon [_thread_blocked, id=11200, stack(0x0000008740300000,0x0000008740400000)]
  0x000001fc739c3e90 JavaThread "Exec process Thread 2" daemon [_thread_blocked, id=10264, stack(0x0000008740400000,0x0000008740500000)]
  0x000001fc739c2540 JavaThread "Exec process Thread 3" daemon [_thread_blocked, id=9924, stack(0x0000008740500000,0x0000008740600000)]
  0x000001fc739c2a50 JavaThread "included builds" [_thread_blocked, id=8936, stack(0x0000008740600000,0x0000008740700000)]
  0x000001fc739bf2a0 JavaThread "Execution worker" [_thread_blocked, id=11964, stack(0x0000008740700000,0x0000008740800000)]
  0x000001fc739bcf30 JavaThread "Execution worker Thread 2" [_thread_blocked, id=4480, stack(0x0000008740800000,0x0000008740900000)]
  0x000001fc739bca20 JavaThread "Execution worker Thread 3" [_thread_blocked, id=11944, stack(0x0000008740900000,0x0000008740a00000)]
  0x000001fc739bd440 JavaThread "Cache worker for execution history cache (C:\Users\nitin\OneDrive\Desktop\CrophubNew\frontend\node_modules\@react-native\gradle-plugin\.gradle\8.3\executionHistory)" [_thread_blocked, id=10708, stack(0x0000008740a00000,0x0000008740b00000)]
  0x000001fc739c0bf0 JavaThread "Unconstrained build operations Thread 6" [_thread_blocked, id=7564, stack(0x0000008740b00000,0x0000008740c00000)]
  0x000001fc739c1610 JavaThread "Unconstrained build operations Thread 7" [_thread_blocked, id=1364, stack(0x0000008740c00000,0x0000008740d00000)]
  0x000001fc739c2f60 JavaThread "Unconstrained build operations Thread 8" [_thread_blocked, id=5316, stack(0x0000008740d00000,0x0000008740e00000)]
  0x000001fc739c2030 JavaThread "Unconstrained build operations Thread 9" [_thread_blocked, id=12640, stack(0x0000008740e00000,0x0000008740f00000)]
  0x000001fc739c3470 JavaThread "Unconstrained build operations Thread 10" [_thread_in_native, id=5452, stack(0x0000008740f00000,0x0000008741000000)]
  0x000001fc739c43a0 JavaThread "Unconstrained build operations Thread 11" [_thread_blocked, id=5864, stack(0x0000008741000000,0x0000008741100000)]
  0x000001fc739bd950 JavaThread "Unconstrained build operations Thread 12" [_thread_blocked, id=6944, stack(0x0000008741100000,0x0000008741200000)]
  0x000001fc739bde60 JavaThread "Unconstrained build operations Thread 13" [_thread_blocked, id=8620, stack(0x0000008741200000,0x0000008741300000)]
=>0x000001fc73866ae0 JavaThread "C2 CompilerThread1" daemon [_thread_in_native, id=4804, stack(0x000000873f800000,0x000000873f900000)]
  0x000001fc716825e0 JavaThread "Unconstrained build operations Thread 14" [_thread_blocked, id=5416, stack(0x0000008741300000,0x0000008741400000)]
  0x000001fc75e61e30 JavaThread "Unconstrained build operations Thread 15" [_thread_blocked, id=8108, stack(0x0000008741400000,0x0000008741500000)]
  0x000001fc75e5fac0 JavaThread "Unconstrained build operations Thread 16" [_thread_blocked, id=11008, stack(0x0000008741500000,0x0000008741600000)]
  0x000001fc75e641a0 JavaThread "Unconstrained build operations Thread 17" [_thread_blocked, id=3092, stack(0x0000008741600000,0x0000008741700000)]
  0x000001fc75e646b0 JavaThread "Unconstrained build operations Thread 18" [_thread_blocked, id=5824, stack(0x0000008741900000,0x0000008741a00000)]
  0x000001fc75e60f00 JavaThread "Unconstrained build operations Thread 19" [_thread_blocked, id=3940, stack(0x0000008741a00000,0x0000008741b00000)]
  0x000001fc75e61920 JavaThread "Unconstrained build operations Thread 20" [_thread_blocked, id=8732, stack(0x0000008741b00000,0x0000008741c00000)]
  0x000001fc75e66a20 JavaThread "Unconstrained build operations Thread 21" [_thread_blocked, id=9020, stack(0x0000008741c00000,0x0000008741d00000)]
  0x000001fc75e64bc0 JavaThread "Unconstrained build operations Thread 22" [_thread_blocked, id=2972, stack(0x0000008741d00000,0x0000008741e00000)]
  0x000001fc75e604e0 JavaThread "Unconstrained build operations Thread 23" [_thread_blocked, id=6340, stack(0x0000008741e00000,0x0000008741f00000)]
  0x000001fc75e66000 JavaThread "pool-3-thread-1" [_thread_blocked, id=8032, stack(0x0000008741f00000,0x0000008742000000)]
  0x000001fc75e63270 JavaThread "build event listener" [_thread_blocked, id=8040, stack(0x0000008742000000,0x0000008742100000)]
  0x000001fc75e609f0 JavaThread "Unconstrained build operations Thread 24" [_thread_blocked, id=8016, stack(0x0000008742100000,0x0000008742200000)]
  0x000001fc75e66510 JavaThread "Unconstrained build operations Thread 25" [_thread_blocked, id=7656, stack(0x0000008742200000,0x0000008742300000)]
  0x000001fc75e61410 JavaThread "Unconstrained build operations Thread 26" [_thread_blocked, id=7660, stack(0x0000008742300000,0x0000008742400000)]
  0x000001fc75e62850 JavaThread "Unconstrained build operations Thread 27" [_thread_blocked, id=14348, stack(0x0000008742400000,0x0000008742500000)]
  0x000001fc75e62d60 JavaThread "Unconstrained build operations Thread 28" [_thread_blocked, id=8288, stack(0x0000008742500000,0x0000008742600000)]
  0x000001fc7c4543d0 JavaThread "Unconstrained build operations Thread 29" [_thread_blocked, id=12284, stack(0x0000008742600000,0x0000008742700000)]
  0x000001fc7c456230 JavaThread "Unconstrained build operations Thread 30" [_thread_blocked, id=3796, stack(0x0000008742700000,0x0000008742800000)]
  0x000001fc7c455300 JavaThread "Unconstrained build operations Thread 31" [_thread_blocked, id=9140, stack(0x0000008742800000,0x0000008742900000)]
  0x000001fc7c4548e0 JavaThread "Unconstrained build operations Thread 32" [_thread_blocked, id=8452, stack(0x0000008742900000,0x0000008742a00000)]
  0x000001fc7c456740 JavaThread "Unconstrained build operations Thread 33" [_thread_blocked, id=9152, stack(0x0000008742a00000,0x0000008742b00000)]
  0x000001fc7c455810 JavaThread "Unconstrained build operations Thread 34" [_thread_blocked, id=9080, stack(0x0000008742b00000,0x0000008742c00000)]
  0x000001fc7c455d20 JavaThread "Unconstrained build operations Thread 35" [_thread_blocked, id=9260, stack(0x0000008742c00000,0x0000008742d00000)]
  0x000001fc7c454df0 JavaThread "Unconstrained build operations Thread 36" [_thread_blocked, id=9064, stack(0x0000008742d00000,0x0000008742e00000)]
  0x000001fc7c456c50 JavaThread "Unconstrained build operations Thread 37" [_thread_blocked, id=7680, stack(0x0000008742e00000,0x0000008742f00000)]
  0x000001fc7c457160 JavaThread "Unconstrained build operations Thread 38" [_thread_blocked, id=9796, stack(0x0000008742f00000,0x0000008743000000)]
  0x000001fc7c4539b0 JavaThread "Unconstrained build operations Thread 39" [_thread_blocked, id=9236, stack(0x0000008743000000,0x0000008743100000)]
  0x000001fc7c453ec0 JavaThread "Unconstrained build operations Thread 40" [_thread_blocked, id=7932, stack(0x0000008743100000,0x0000008743200000)]
  0x000001fc7c6d7530 JavaThread "Cache worker for execution history cache (C:\Users\nitin\OneDrive\Desktop\CrophubNew\frontend\android\.gradle\8.3\executionHistory)" [_thread_blocked, id=8060, stack(0x0000008743200000,0x0000008743300000)]

Other Threads:
  0x000001fc511ab010 VMThread "VM Thread" [stack: 0x000000873ca00000,0x000000873cb00000] [id=6668]
  0x000001fc336449c0 WatcherThread [stack: 0x000000873d600000,0x000000873d700000] [id=8848]
  0x000001fc315be820 GCTaskThread "GC Thread#0" [stack: 0x000000873c500000,0x000000873c600000] [id=6708]
  0x000001fc5168f160 GCTaskThread "GC Thread#1" [stack: 0x000000873d800000,0x000000873d900000] [id=8828]
  0x000001fc517d1780 GCTaskThread "GC Thread#2" [stack: 0x000000873d900000,0x000000873da00000] [id=4324]
  0x000001fc51d4fbc0 GCTaskThread "GC Thread#3" [stack: 0x000000873da00000,0x000000873db00000] [id=4256]
  0x000001fc33633e50 ConcurrentGCThread "G1 Main Marker" [stack: 0x000000873c600000,0x000000873c700000] [id=9688]
  0x000001fc33634770 ConcurrentGCThread "G1 Conc#0" [stack: 0x000000873c700000,0x000000873c800000] [id=6284]
  0x000001fc3366e410 ConcurrentGCThread "G1 Refine#0" [stack: 0x000000873c800000,0x000000873c900000] [id=6280]
  0x000001fc72a38010 ConcurrentGCThread "G1 Refine#1" [stack: 0x000000873ee00000,0x000000873ef00000] [id=8416]
  0x000001fc7b862c30 ConcurrentGCThread "G1 Refine#2" [stack: 0x0000008741700000,0x0000008741800000] [id=7056]
  0x000001fc7b8637f0 ConcurrentGCThread "G1 Refine#3" [stack: 0x0000008741800000,0x0000008741900000] [id=12096]
  0x000001fc510260f0 ConcurrentGCThread "G1 Service" [stack: 0x000000873c900000,0x000000873ca00000] [id=8324]

Threads with active compile tasks:
C2 CompilerThread0    24591 15705       4       org.gradle.cache.internal.AsyncCacheAccessDecoratedCache$$Lambda$512/0x000001fc5347f120::create (12 bytes)
C2 CompilerThread1    24591 15700       4       org.gradle.cache.internal.ExclusiveCacheAccessingWorker$1::call (10 bytes)

VM state: not at safepoint (normal execution)

VM Mutex/Monitor currently owned by a thread: None

Heap address: 0x0000000080000000, size: 2048 MB, Compressed Oops mode: 32-bit

CDS archive(s) mapped at: [0x000001fc52000000-0x000001fc52bd0000-0x000001fc52bd0000), size 12386304, SharedBaseAddress: 0x000001fc52000000, ArchiveRelocationMode: 1.
Compressed class space mapped at: 0x000001fc53000000-0x000001fc6d000000, reserved size: 436207616
Narrow klass base: 0x000001fc52000000, Narrow klass shift: 0, Narrow klass range: 0x100000000

GC Precious Log:
 CPUs: 4 total, 4 available
 Memory: 7934M
 Large Page Support: Disabled
 NUMA Support: Disabled
 Compressed Oops: Enabled (32-bit)
 Heap Region Size: 1M
 Heap Min Capacity: 8M
 Heap Initial Capacity: 124M
 Heap Max Capacity: 2G
 Pre-touch: Disabled
 Parallel Workers: 4
 Concurrent Workers: 1
 Concurrent Refinement Workers: 4
 Periodic GC: Disabled

Heap:
 garbage-first heap   total 242688K, used 187257K [0x0000000080000000, 0x0000000100000000)
  region size 1024K, 22 young (22528K), 5 survivors (5120K)
 Metaspace       used 107911K, committed 108992K, reserved 557056K
  class space    used 14808K, committed 15296K, reserved 425984K

Heap Regions: E=young(eden), S=young(survivor), O=old, HS=humongous(starts), HC=humongous(continues), CS=collection set, F=free, OA=open archive, CA=closed archive, TAMS=top-at-mark-start (previous, next)
|   0|0x0000000080000000, 0x0000000080100000, 0x0000000080100000|100%| O|  |TAMS 0x0000000080100000, 0x0000000080000000| Untracked 
|   1|0x0000000080100000, 0x0000000080200000, 0x0000000080200000|100%| O|  |TAMS 0x0000000080200000, 0x0000000080100000| Untracked 
|   2|0x0000000080200000, 0x0000000080300000, 0x0000000080300000|100%|HS|  |TAMS 0x0000000080300000, 0x0000000080200000| Complete 
|   3|0x0000000080300000, 0x0000000080400000, 0x0000000080400000|100%|HC|  |TAMS 0x0000000080400000, 0x0000000080300000| Complete 
|   4|0x0000000080400000, 0x0000000080500000, 0x0000000080500000|100%|HC|  |TAMS 0x0000000080500000, 0x0000000080400000| Complete 
|   5|0x0000000080500000, 0x0000000080600000, 0x0000000080600000|100%|HC|  |TAMS 0x0000000080600000, 0x0000000080500000| Complete 
|   6|0x0000000080600000, 0x0000000080700000, 0x0000000080700000|100%| O|  |TAMS 0x0000000080700000, 0x0000000080600000| Untracked 
|   7|0x0000000080700000, 0x0000000080800000, 0x0000000080800000|100%| O|  |TAMS 0x0000000080800000, 0x0000000080700000| Untracked 
|   8|0x0000000080800000, 0x0000000080900000, 0x0000000080900000|100%| O|  |TAMS 0x0000000080900000, 0x0000000080800000| Untracked 
|   9|0x0000000080900000, 0x0000000080a00000, 0x0000000080a00000|100%| O|  |TAMS 0x0000000080a00000, 0x0000000080900000| Untracked 
|  10|0x0000000080a00000, 0x0000000080b00000, 0x0000000080b00000|100%| O|  |TAMS 0x0000000080b00000, 0x0000000080a00000| Untracked 
|  11|0x0000000080b00000, 0x0000000080c00000, 0x0000000080c00000|100%| O|  |TAMS 0x0000000080c00000, 0x0000000080b00000| Untracked 
|  12|0x0000000080c00000, 0x0000000080d00000, 0x0000000080d00000|100%| O|  |TAMS 0x0000000080d00000, 0x0000000080c00000| Untracked 
|  13|0x0000000080d00000, 0x0000000080e00000, 0x0000000080e00000|100%| O|  |TAMS 0x0000000080e00000, 0x0000000080d00000| Untracked 
|  14|0x0000000080e00000, 0x0000000080f00000, 0x0000000080f00000|100%| O|  |TAMS 0x0000000080f00000, 0x0000000080e00000| Untracked 
|  15|0x0000000080f00000, 0x0000000081000000, 0x0000000081000000|100%| O|  |TAMS 0x0000000081000000, 0x0000000080f00000| Untracked 
|  16|0x0000000081000000, 0x0000000081100000, 0x0000000081100000|100%| O|  |TAMS 0x0000000081100000, 0x0000000081000000| Untracked 
|  17|0x0000000081100000, 0x0000000081200000, 0x0000000081200000|100%| O|  |TAMS 0x0000000081200000, 0x0000000081100000| Untracked 
|  18|0x0000000081200000, 0x0000000081300000, 0x0000000081300000|100%| O|  |TAMS 0x0000000081300000, 0x0000000081200000| Untracked 
|  19|0x0000000081300000, 0x00000000813de400, 0x0000000081400000| 86%| O|  |TAMS 0x00000000813de400, 0x0000000081300000| Untracked 
|  20|0x0000000081400000, 0x0000000081500000, 0x0000000081500000|100%| O|  |TAMS 0x0000000081500000, 0x0000000081400000| Untracked 
|  21|0x0000000081500000, 0x0000000081600000, 0x0000000081600000|100%| O|  |TAMS 0x0000000081600000, 0x0000000081500000| Untracked 
|  22|0x0000000081600000, 0x0000000081700000, 0x0000000081700000|100%| O|  |TAMS 0x0000000081700000, 0x0000000081600000| Untracked 
|  23|0x0000000081700000, 0x0000000081800000, 0x0000000081800000|100%| O|  |TAMS 0x0000000081800000, 0x0000000081700000| Untracked 
|  24|0x0000000081800000, 0x0000000081900000, 0x0000000081900000|100%| O|  |TAMS 0x0000000081900000, 0x0000000081800000| Untracked 
|  25|0x0000000081900000, 0x0000000081a00000, 0x0000000081a00000|100%| O|  |TAMS 0x0000000081a00000, 0x0000000081900000| Untracked 
|  26|0x0000000081a00000, 0x0000000081b00000, 0x0000000081b00000|100%| O|  |TAMS 0x0000000081b00000, 0x0000000081a00000| Untracked 
|  27|0x0000000081b00000, 0x0000000081c00000, 0x0000000081c00000|100%| O|  |TAMS 0x0000000081c00000, 0x0000000081b00000| Untracked 
|  28|0x0000000081c00000, 0x0000000081d00000, 0x0000000081d00000|100%| O|  |TAMS 0x0000000081c00000, 0x0000000081c00000| Untracked 
|  29|0x0000000081d00000, 0x0000000081e00000, 0x0000000081e00000|100%| O|  |TAMS 0x0000000081e00000, 0x0000000081d00000| Untracked 
|  30|0x0000000081e00000, 0x0000000081f00000, 0x0000000081f00000|100%| O|  |TAMS 0x0000000081f00000, 0x0000000081e00000| Untracked 
|  31|0x0000000081f00000, 0x0000000082000000, 0x0000000082000000|100%| O|  |TAMS 0x0000000082000000, 0x0000000081f00000| Untracked 
|  32|0x0000000082000000, 0x0000000082100000, 0x0000000082100000|100%| O|  |TAMS 0x0000000082100000, 0x0000000082000000| Untracked 
|  33|0x0000000082100000, 0x0000000082200000, 0x0000000082200000|100%| O|  |TAMS 0x0000000082200000, 0x0000000082100000| Untracked 
|  34|0x0000000082200000, 0x0000000082300000, 0x0000000082300000|100%| O|  |TAMS 0x0000000082300000, 0x0000000082200000| Untracked 
|  35|0x0000000082300000, 0x0000000082400000, 0x0000000082400000|100%| O|  |TAMS 0x0000000082400000, 0x0000000082300000| Untracked 
|  36|0x0000000082400000, 0x0000000082500000, 0x0000000082500000|100%| O|  |TAMS 0x0000000082500000, 0x0000000082400000| Untracked 
|  37|0x0000000082500000, 0x0000000082600000, 0x0000000082600000|100%| O|  |TAMS 0x0000000082600000, 0x0000000082500000| Untracked 
|  38|0x0000000082600000, 0x0000000082700000, 0x0000000082700000|100%| O|  |TAMS 0x0000000082700000, 0x0000000082600000| Untracked 
|  39|0x0000000082700000, 0x0000000082800000, 0x0000000082800000|100%|HS|  |TAMS 0x0000000082800000, 0x0000000082700000| Complete 
|  40|0x0000000082800000, 0x0000000082900000, 0x0000000082900000|100%|HC|  |TAMS 0x0000000082900000, 0x0000000082800000| Complete 
|  41|0x0000000082900000, 0x0000000082a00000, 0x0000000082a00000|100%|HS|  |TAMS 0x0000000082a00000, 0x0000000082900000| Complete 
|  42|0x0000000082a00000, 0x0000000082b00000, 0x0000000082b00000|100%|HC|  |TAMS 0x0000000082b00000, 0x0000000082a00000| Complete 
|  43|0x0000000082b00000, 0x0000000082c00000, 0x0000000082c00000|100%|HS|  |TAMS 0x0000000082c00000, 0x0000000082b00000| Complete 
|  44|0x0000000082c00000, 0x0000000082d00000, 0x0000000082d00000|100%|HC|  |TAMS 0x0000000082d00000, 0x0000000082c00000| Complete 
|  45|0x0000000082d00000, 0x0000000082e00000, 0x0000000082e00000|100%|HC|  |TAMS 0x0000000082e00000, 0x0000000082d00000| Complete 
|  46|0x0000000082e00000, 0x0000000082f00000, 0x0000000082f00000|100%|HC|  |TAMS 0x0000000082f00000, 0x0000000082e00000| Complete 
|  47|0x0000000082f00000, 0x0000000083000000, 0x0000000083000000|100%| O|  |TAMS 0x0000000083000000, 0x0000000082f00000| Untracked 
|  48|0x0000000083000000, 0x0000000083100000, 0x0000000083100000|100%| O|  |TAMS 0x0000000083100000, 0x0000000083000000| Untracked 
|  49|0x0000000083100000, 0x0000000083200000, 0x0000000083200000|100%| O|  |TAMS 0x0000000083200000, 0x0000000083100000| Untracked 
|  50|0x0000000083200000, 0x0000000083300000, 0x0000000083300000|100%| O|  |TAMS 0x0000000083300000, 0x0000000083200000| Untracked 
|  51|0x0000000083300000, 0x0000000083400000, 0x0000000083400000|100%|HS|  |TAMS 0x0000000083400000, 0x0000000083300000| Complete 
|  52|0x0000000083400000, 0x0000000083500000, 0x0000000083500000|100%|HC|  |TAMS 0x0000000083500000, 0x0000000083400000| Complete 
|  53|0x0000000083500000, 0x0000000083600000, 0x0000000083600000|100%|HC|  |TAMS 0x0000000083600000, 0x0000000083500000| Complete 
|  54|0x0000000083600000, 0x0000000083700000, 0x0000000083700000|100%|HC|  |TAMS 0x0000000083700000, 0x0000000083600000| Complete 
|  55|0x0000000083700000, 0x0000000083800000, 0x0000000083800000|100%| O|  |TAMS 0x0000000083800000, 0x0000000083700000| Untracked 
|  56|0x0000000083800000, 0x0000000083900000, 0x0000000083900000|100%| O|  |TAMS 0x0000000083900000, 0x0000000083800000| Untracked 
|  57|0x0000000083900000, 0x0000000083a00000, 0x0000000083a00000|100%| O|  |TAMS 0x0000000083a00000, 0x0000000083900000| Untracked 
|  58|0x0000000083a00000, 0x0000000083b00000, 0x0000000083b00000|100%| O|  |TAMS 0x0000000083b00000, 0x0000000083a00000| Untracked 
|  59|0x0000000083b00000, 0x0000000083c00000, 0x0000000083c00000|100%| O|  |TAMS 0x0000000083c00000, 0x0000000083b00000| Untracked 
|  60|0x0000000083c00000, 0x0000000083d00000, 0x0000000083d00000|100%| O|  |TAMS 0x0000000083d00000, 0x0000000083c00000| Untracked 
|  61|0x0000000083d00000, 0x0000000083e00000, 0x0000000083e00000|100%| O|  |TAMS 0x0000000083e00000, 0x0000000083d00000| Untracked 
|  62|0x0000000083e00000, 0x0000000083f00000, 0x0000000083f00000|100%| O|  |TAMS 0x0000000083f00000, 0x0000000083e00000| Untracked 
|  63|0x0000000083f00000, 0x0000000084000000, 0x0000000084000000|100%| O|  |TAMS 0x0000000084000000, 0x0000000083f00000| Untracked 
|  64|0x0000000084000000, 0x0000000084100000, 0x0000000084100000|100%| O|  |TAMS 0x0000000084100000, 0x0000000084000000| Untracked 
|  65|0x0000000084100000, 0x0000000084200000, 0x0000000084200000|100%| O|  |TAMS 0x0000000084200000, 0x0000000084100000| Untracked 
|  66|0x0000000084200000, 0x0000000084300000, 0x0000000084300000|100%| O|  |TAMS 0x0000000084300000, 0x0000000084200000| Untracked 
|  67|0x0000000084300000, 0x0000000084400000, 0x0000000084400000|100%|HS|  |TAMS 0x0000000084300000, 0x0000000084300000| Complete 
|  68|0x0000000084400000, 0x0000000084500000, 0x0000000084500000|100%|HS|  |TAMS 0x0000000084500000, 0x0000000084400000| Complete 
|  69|0x0000000084500000, 0x0000000084600000, 0x0000000084600000|100%|HS|  |TAMS 0x0000000084600000, 0x0000000084500000| Complete 
|  70|0x0000000084600000, 0x0000000084700000, 0x0000000084700000|100%|HS|  |TAMS 0x0000000084700000, 0x0000000084600000| Complete 
|  71|0x0000000084700000, 0x0000000084800000, 0x0000000084800000|100%| O|  |TAMS 0x0000000084800000, 0x0000000084700000| Untracked 
|  72|0x0000000084800000, 0x0000000084900000, 0x0000000084900000|100%|HS|  |TAMS 0x0000000084900000, 0x0000000084800000| Complete 
|  73|0x0000000084900000, 0x0000000084a00000, 0x0000000084a00000|100%| O|  |TAMS 0x0000000084a00000, 0x0000000084900000| Untracked 
|  74|0x0000000084a00000, 0x0000000084b00000, 0x0000000084b00000|100%| O|  |TAMS 0x0000000084b00000, 0x0000000084a00000| Untracked 
|  75|0x0000000084b00000, 0x0000000084c00000, 0x0000000084c00000|100%| O|  |TAMS 0x0000000084c00000, 0x0000000084b00000| Untracked 
|  76|0x0000000084c00000, 0x0000000084d00000, 0x0000000084d00000|100%| O|  |TAMS 0x0000000084d00000, 0x0000000084c00000| Untracked 
|  77|0x0000000084d00000, 0x0000000084e00000, 0x0000000084e00000|100%| O|  |TAMS 0x0000000084e00000, 0x0000000084d00000| Untracked 
|  78|0x0000000084e00000, 0x0000000084f00000, 0x0000000084f00000|100%| O|  |TAMS 0x0000000084f00000, 0x0000000084e00000| Untracked 
|  79|0x0000000084f00000, 0x0000000085000000, 0x0000000085000000|100%| O|  |TAMS 0x0000000085000000, 0x0000000084f00000| Untracked 
|  80|0x0000000085000000, 0x0000000085100000, 0x0000000085100000|100%| O|  |TAMS 0x0000000085100000, 0x0000000085000000| Untracked 
|  81|0x0000000085100000, 0x0000000085200000, 0x0000000085200000|100%| O|  |TAMS 0x0000000085168400, 0x0000000085100000| Untracked 
|  82|0x0000000085200000, 0x0000000085300000, 0x0000000085300000|100%| O|  |TAMS 0x0000000085200000, 0x0000000085200000| Untracked 
|  83|0x0000000085300000, 0x0000000085400000, 0x0000000085400000|100%| O|  |TAMS 0x0000000085300000, 0x0000000085300000| Untracked 
|  84|0x0000000085400000, 0x0000000085500000, 0x0000000085500000|100%| O|  |TAMS 0x0000000085400000, 0x0000000085400000| Untracked 
|  85|0x0000000085500000, 0x0000000085600000, 0x0000000085600000|100%| O|  |TAMS 0x0000000085500000, 0x0000000085500000| Untracked 
|  86|0x0000000085600000, 0x0000000085700000, 0x0000000085700000|100%| O|  |TAMS 0x0000000085600000, 0x0000000085600000| Untracked 
|  87|0x0000000085700000, 0x0000000085800000, 0x0000000085800000|100%| O|  |TAMS 0x0000000085700000, 0x0000000085700000| Untracked 
|  88|0x0000000085800000, 0x0000000085900000, 0x0000000085900000|100%|HS|  |TAMS 0x0000000085800000, 0x0000000085800000| Complete 
|  89|0x0000000085900000, 0x0000000085a00000, 0x0000000085a00000|100%| O|  |TAMS 0x0000000085900000, 0x0000000085900000| Untracked 
|  90|0x0000000085a00000, 0x0000000085b00000, 0x0000000085b00000|100%| O|  |TAMS 0x0000000085a00000, 0x0000000085a00000| Untracked 
|  91|0x0000000085b00000, 0x0000000085c00000, 0x0000000085c00000|100%| O|  |TAMS 0x0000000085b00000, 0x0000000085b00000| Untracked 
|  92|0x0000000085c00000, 0x0000000085d00000, 0x0000000085d00000|100%| O|  |TAMS 0x0000000085c00000, 0x0000000085c00000| Untracked 
|  93|0x0000000085d00000, 0x0000000085e00000, 0x0000000085e00000|100%| O|  |TAMS 0x0000000085d00000, 0x0000000085d00000| Untracked 
|  94|0x0000000085e00000, 0x0000000085f00000, 0x0000000085f00000|100%| O|  |TAMS 0x0000000085e00000, 0x0000000085e00000| Untracked 
|  95|0x0000000085f00000, 0x0000000086000000, 0x0000000086000000|100%| O|  |TAMS 0x0000000085f00000, 0x0000000085f00000| Untracked 
|  96|0x0000000086000000, 0x0000000086100000, 0x0000000086100000|100%| O|  |TAMS 0x0000000086000000, 0x0000000086000000| Untracked 
|  97|0x0000000086100000, 0x0000000086200000, 0x0000000086200000|100%| O|  |TAMS 0x0000000086100000, 0x0000000086100000| Untracked 
|  98|0x0000000086200000, 0x0000000086300000, 0x0000000086300000|100%| O|  |TAMS 0x0000000086200000, 0x0000000086200000| Untracked 
|  99|0x0000000086300000, 0x0000000086400000, 0x0000000086400000|100%| O|  |TAMS 0x0000000086300000, 0x0000000086300000| Untracked 
| 100|0x0000000086400000, 0x0000000086500000, 0x0000000086500000|100%| O|  |TAMS 0x0000000086400000, 0x0000000086400000| Untracked 
| 101|0x0000000086500000, 0x0000000086600000, 0x0000000086600000|100%| O|  |TAMS 0x0000000086500000, 0x0000000086500000| Untracked 
| 102|0x0000000086600000, 0x0000000086700000, 0x0000000086700000|100%|HS|  |TAMS 0x0000000086600000, 0x0000000086600000| Complete 
| 103|0x0000000086700000, 0x0000000086800000, 0x0000000086800000|100%|HC|  |TAMS 0x0000000086700000, 0x0000000086700000| Complete 
| 104|0x0000000086800000, 0x0000000086900000, 0x0000000086900000|100%|HS|  |TAMS 0x0000000086800000, 0x0000000086800000| Complete 
| 105|0x0000000086900000, 0x0000000086a00000, 0x0000000086a00000|100%|HS|  |TAMS 0x0000000086900000, 0x0000000086900000| Complete 
| 106|0x0000000086a00000, 0x0000000086b00000, 0x0000000086b00000|100%|HS|  |TAMS 0x0000000086a00000, 0x0000000086a00000| Complete 
| 107|0x0000000086b00000, 0x0000000086c00000, 0x0000000086c00000|100%| O|  |TAMS 0x0000000086b00000, 0x0000000086b00000| Untracked 
| 108|0x0000000086c00000, 0x0000000086d00000, 0x0000000086d00000|100%| O|  |TAMS 0x0000000086c00000, 0x0000000086c00000| Untracked 
| 109|0x0000000086d00000, 0x0000000086e00000, 0x0000000086e00000|100%| O|  |TAMS 0x0000000086d00000, 0x0000000086d00000| Untracked 
| 110|0x0000000086e00000, 0x0000000086f00000, 0x0000000086f00000|100%| O|  |TAMS 0x0000000086e00000, 0x0000000086e00000| Untracked 
| 111|0x0000000086f00000, 0x0000000087000000, 0x0000000087000000|100%| O|  |TAMS 0x0000000086f00000, 0x0000000086f00000| Untracked 
| 112|0x0000000087000000, 0x0000000087100000, 0x0000000087100000|100%| O|  |TAMS 0x0000000087000000, 0x0000000087000000| Untracked 
| 113|0x0000000087100000, 0x0000000087200000, 0x0000000087200000|100%| O|  |TAMS 0x0000000087100000, 0x0000000087100000| Untracked 
| 114|0x0000000087200000, 0x0000000087300000, 0x0000000087300000|100%| O|  |TAMS 0x0000000087200000, 0x0000000087200000| Untracked 
| 115|0x0000000087300000, 0x0000000087400000, 0x0000000087400000|100%| O|  |TAMS 0x0000000087300000, 0x0000000087300000| Untracked 
| 116|0x0000000087400000, 0x0000000087500000, 0x0000000087500000|100%| O|  |TAMS 0x0000000087400000, 0x0000000087400000| Untracked 
| 117|0x0000000087500000, 0x0000000087600000, 0x0000000087600000|100%| O|  |TAMS 0x0000000087500000, 0x0000000087500000| Untracked 
| 118|0x0000000087600000, 0x0000000087700000, 0x0000000087700000|100%| O|  |TAMS 0x0000000087600000, 0x0000000087600000| Untracked 
| 119|0x0000000087700000, 0x0000000087800000, 0x0000000087800000|100%| O|  |TAMS 0x0000000087700000, 0x0000000087700000| Untracked 
| 120|0x0000000087800000, 0x0000000087900000, 0x0000000087900000|100%| O|  |TAMS 0x0000000087800000, 0x0000000087800000| Untracked 
| 121|0x0000000087900000, 0x0000000087a00000, 0x0000000087a00000|100%| O|  |TAMS 0x0000000087900000, 0x0000000087900000| Untracked 
| 122|0x0000000087a00000, 0x0000000087b00000, 0x0000000087b00000|100%| O|  |TAMS 0x0000000087a00000, 0x0000000087a00000| Untracked 
| 123|0x0000000087b00000, 0x0000000087c00000, 0x0000000087c00000|100%| O|  |TAMS 0x0000000087b00000, 0x0000000087b00000| Untracked 
| 124|0x0000000087c00000, 0x0000000087d00000, 0x0000000087d00000|100%| O|  |TAMS 0x0000000087c00000, 0x0000000087c00000| Untracked 
| 125|0x0000000087d00000, 0x0000000087e00000, 0x0000000087e00000|100%| O|  |TAMS 0x0000000087d00000, 0x0000000087d00000| Untracked 
| 126|0x0000000087e00000, 0x0000000087f00000, 0x0000000087f00000|100%| O|  |TAMS 0x0000000087e00000, 0x0000000087e00000| Untracked 
| 127|0x0000000087f00000, 0x0000000088000000, 0x0000000088000000|100%| O|  |TAMS 0x0000000087f00000, 0x0000000087f00000| Untracked 
| 128|0x0000000088000000, 0x0000000088100000, 0x0000000088100000|100%| O|  |TAMS 0x0000000088000000, 0x0000000088000000| Untracked 
| 129|0x0000000088100000, 0x0000000088200000, 0x0000000088200000|100%| O|  |TAMS 0x0000000088100000, 0x0000000088100000| Untracked 
| 130|0x0000000088200000, 0x0000000088300000, 0x0000000088300000|100%| O|  |TAMS 0x0000000088200000, 0x0000000088200000| Untracked 
| 131|0x0000000088300000, 0x0000000088400000, 0x0000000088400000|100%| O|  |TAMS 0x0000000088300000, 0x0000000088300000| Untracked 
| 132|0x0000000088400000, 0x0000000088500000, 0x0000000088500000|100%| O|  |TAMS 0x0000000088400000, 0x0000000088400000| Untracked 
| 133|0x0000000088500000, 0x0000000088600000, 0x0000000088600000|100%| O|  |TAMS 0x0000000088500000, 0x0000000088500000| Untracked 
| 134|0x0000000088600000, 0x0000000088700000, 0x0000000088700000|100%| O|  |TAMS 0x0000000088600000, 0x0000000088600000| Untracked 
| 135|0x0000000088700000, 0x0000000088800000, 0x0000000088800000|100%| O|  |TAMS 0x0000000088700000, 0x0000000088700000| Untracked 
| 136|0x0000000088800000, 0x0000000088900000, 0x0000000088900000|100%| O|  |TAMS 0x0000000088800000, 0x0000000088800000| Untracked 
| 137|0x0000000088900000, 0x0000000088a00000, 0x0000000088a00000|100%| O|  |TAMS 0x0000000088900000, 0x0000000088900000| Untracked 
| 138|0x0000000088a00000, 0x0000000088b00000, 0x0000000088b00000|100%| O|  |TAMS 0x0000000088a00000, 0x0000000088a00000| Untracked 
| 139|0x0000000088b00000, 0x0000000088c00000, 0x0000000088c00000|100%| O|  |TAMS 0x0000000088b00000, 0x0000000088b00000| Untracked 
| 140|0x0000000088c00000, 0x0000000088d00000, 0x0000000088d00000|100%| O|  |TAMS 0x0000000088c00000, 0x0000000088c00000| Untracked 
| 141|0x0000000088d00000, 0x0000000088e00000, 0x0000000088e00000|100%| O|  |TAMS 0x0000000088d00000, 0x0000000088d00000| Untracked 
| 142|0x0000000088e00000, 0x0000000088f00000, 0x0000000088f00000|100%| O|  |TAMS 0x0000000088e00000, 0x0000000088e00000| Untracked 
| 143|0x0000000088f00000, 0x0000000089000000, 0x0000000089000000|100%| O|  |TAMS 0x0000000088f00000, 0x0000000088f00000| Untracked 
| 144|0x0000000089000000, 0x0000000089100000, 0x0000000089100000|100%| O|  |TAMS 0x0000000089000000, 0x0000000089000000| Untracked 
| 145|0x0000000089100000, 0x0000000089200000, 0x0000000089200000|100%| O|  |TAMS 0x0000000089100000, 0x0000000089100000| Untracked 
| 146|0x0000000089200000, 0x0000000089300000, 0x0000000089300000|100%| O|  |TAMS 0x0000000089200000, 0x0000000089200000| Untracked 
| 147|0x0000000089300000, 0x0000000089400000, 0x0000000089400000|100%| O|  |TAMS 0x0000000089300000, 0x0000000089300000| Untracked 
| 148|0x0000000089400000, 0x0000000089500000, 0x0000000089500000|100%| O|  |TAMS 0x0000000089400000, 0x0000000089400000| Untracked 
| 149|0x0000000089500000, 0x0000000089600000, 0x0000000089600000|100%| O|  |TAMS 0x0000000089500000, 0x0000000089500000| Untracked 
| 150|0x0000000089600000, 0x0000000089700000, 0x0000000089700000|100%| O|  |TAMS 0x0000000089600000, 0x0000000089600000| Untracked 
| 151|0x0000000089700000, 0x0000000089800000, 0x0000000089800000|100%| O|  |TAMS 0x0000000089700000, 0x0000000089700000| Untracked 
| 152|0x0000000089800000, 0x0000000089900000, 0x0000000089900000|100%| O|  |TAMS 0x0000000089800000, 0x0000000089800000| Untracked 
| 153|0x0000000089900000, 0x0000000089a00000, 0x0000000089a00000|100%| O|  |TAMS 0x0000000089900000, 0x0000000089900000| Untracked 
| 154|0x0000000089a00000, 0x0000000089b00000, 0x0000000089b00000|100%| O|  |TAMS 0x0000000089a00000, 0x0000000089a00000| Untracked 
| 155|0x0000000089b00000, 0x0000000089c00000, 0x0000000089c00000|100%| O|  |TAMS 0x0000000089b00000, 0x0000000089b00000| Untracked 
| 156|0x0000000089c00000, 0x0000000089d00000, 0x0000000089d00000|100%| O|  |TAMS 0x0000000089c00000, 0x0000000089c00000| Untracked 
| 157|0x0000000089d00000, 0x0000000089e00000, 0x0000000089e00000|100%| O|  |TAMS 0x0000000089d00000, 0x0000000089d00000| Untracked 
| 158|0x0000000089e00000, 0x0000000089f00000, 0x0000000089f00000|100%| O|  |TAMS 0x0000000089e00000, 0x0000000089e00000| Untracked 
| 159|0x0000000089f00000, 0x000000008a000000, 0x000000008a000000|100%| O|  |TAMS 0x0000000089f00000, 0x0000000089f00000| Untracked 
| 160|0x000000008a000000, 0x000000008a100000, 0x000000008a100000|100%| O|  |TAMS 0x000000008a000000, 0x000000008a000000| Untracked 
| 161|0x000000008a100000, 0x000000008a200000, 0x000000008a200000|100%| O|  |TAMS 0x000000008a100000, 0x000000008a100000| Untracked 
| 162|0x000000008a200000, 0x000000008a200000, 0x000000008a300000|  0%| F|  |TAMS 0x000000008a200000, 0x000000008a200000| Untracked 
| 163|0x000000008a300000, 0x000000008a300000, 0x000000008a400000|  0%| F|  |TAMS 0x000000008a300000, 0x000000008a300000| Untracked 
| 164|0x000000008a400000, 0x000000008a400000, 0x000000008a500000|  0%| F|  |TAMS 0x000000008a400000, 0x000000008a400000| Untracked 
| 165|0x000000008a500000, 0x000000008a500000, 0x000000008a600000|  0%| F|  |TAMS 0x000000008a500000, 0x000000008a500000| Untracked 
| 166|0x000000008a600000, 0x000000008a600000, 0x000000008a700000|  0%| F|  |TAMS 0x000000008a600000, 0x000000008a600000| Untracked 
| 167|0x000000008a700000, 0x000000008a700000, 0x000000008a800000|  0%| F|  |TAMS 0x000000008a700000, 0x000000008a700000| Untracked 
| 168|0x000000008a800000, 0x000000008a800000, 0x000000008a900000|  0%| F|  |TAMS 0x000000008a800000, 0x000000008a800000| Untracked 
| 169|0x000000008a900000, 0x000000008a900000, 0x000000008aa00000|  0%| F|  |TAMS 0x000000008a900000, 0x000000008a900000| Untracked 
| 170|0x000000008aa00000, 0x000000008aa00000, 0x000000008ab00000|  0%| F|  |TAMS 0x000000008aa00000, 0x000000008aa00000| Untracked 
| 171|0x000000008ab00000, 0x000000008ab00000, 0x000000008ac00000|  0%| F|  |TAMS 0x000000008ab00000, 0x000000008ab00000| Untracked 
| 172|0x000000008ac00000, 0x000000008ac00000, 0x000000008ad00000|  0%| F|  |TAMS 0x000000008ac00000, 0x000000008ac00000| Untracked 
| 173|0x000000008ad00000, 0x000000008ad00000, 0x000000008ae00000|  0%| F|  |TAMS 0x000000008ad00000, 0x000000008ad00000| Untracked 
| 174|0x000000008ae00000, 0x000000008ae00000, 0x000000008af00000|  0%| F|  |TAMS 0x000000008ae00000, 0x000000008ae00000| Untracked 
| 175|0x000000008af00000, 0x000000008af00000, 0x000000008b000000|  0%| F|  |TAMS 0x000000008af00000, 0x000000008af00000| Untracked 
| 176|0x000000008b000000, 0x000000008b000000, 0x000000008b100000|  0%| F|  |TAMS 0x000000008b000000, 0x000000008b000000| Untracked 
| 177|0x000000008b100000, 0x000000008b100000, 0x000000008b200000|  0%| F|  |TAMS 0x000000008b100000, 0x000000008b100000| Untracked 
| 178|0x000000008b200000, 0x000000008b200000, 0x000000008b300000|  0%| F|  |TAMS 0x000000008b200000, 0x000000008b200000| Untracked 
| 179|0x000000008b300000, 0x000000008b300000, 0x000000008b400000|  0%| F|  |TAMS 0x000000008b300000, 0x000000008b300000| Untracked 
| 180|0x000000008b400000, 0x000000008b400000, 0x000000008b500000|  0%| F|  |TAMS 0x000000008b400000, 0x000000008b400000| Untracked 
| 181|0x000000008b500000, 0x000000008b500000, 0x000000008b600000|  0%| F|  |TAMS 0x000000008b500000, 0x000000008b500000| Untracked 
| 182|0x000000008b600000, 0x000000008b600000, 0x000000008b700000|  0%| F|  |TAMS 0x000000008b600000, 0x000000008b600000| Untracked 
| 183|0x000000008b700000, 0x000000008b700000, 0x000000008b800000|  0%| F|  |TAMS 0x000000008b700000, 0x000000008b700000| Untracked 
| 184|0x000000008b800000, 0x000000008b800000, 0x000000008b900000|  0%| F|  |TAMS 0x000000008b800000, 0x000000008b800000| Untracked 
| 185|0x000000008b900000, 0x000000008b900000, 0x000000008ba00000|  0%| F|  |TAMS 0x000000008b900000, 0x000000008b900000| Untracked 
| 186|0x000000008ba00000, 0x000000008ba00000, 0x000000008bb00000|  0%| F|  |TAMS 0x000000008ba00000, 0x000000008ba00000| Untracked 
| 187|0x000000008bb00000, 0x000000008bb00000, 0x000000008bc00000|  0%| F|  |TAMS 0x000000008bb00000, 0x000000008bb00000| Untracked 
| 188|0x000000008bc00000, 0x000000008bc00000, 0x000000008bd00000|  0%| F|  |TAMS 0x000000008bc00000, 0x000000008bc00000| Untracked 
| 189|0x000000008bd00000, 0x000000008bd00000, 0x000000008be00000|  0%| F|  |TAMS 0x000000008bd00000, 0x000000008bd00000| Untracked 
| 190|0x000000008be00000, 0x000000008be00000, 0x000000008bf00000|  0%| F|  |TAMS 0x000000008be00000, 0x000000008be00000| Untracked 
| 191|0x000000008bf00000, 0x000000008bf00000, 0x000000008c000000|  0%| F|  |TAMS 0x000000008bf00000, 0x000000008bf00000| Untracked 
| 192|0x000000008c000000, 0x000000008c100000, 0x000000008c100000|100%| S|CS|TAMS 0x000000008c000000, 0x000000008c000000| Complete 
| 193|0x000000008c100000, 0x000000008c200000, 0x000000008c200000|100%| S|CS|TAMS 0x000000008c100000, 0x000000008c100000| Complete 
| 194|0x000000008c200000, 0x000000008c300000, 0x000000008c300000|100%| S|CS|TAMS 0x000000008c200000, 0x000000008c200000| Complete 
| 195|0x000000008c300000, 0x000000008c400000, 0x000000008c400000|100%| S|CS|TAMS 0x000000008c300000, 0x000000008c300000| Complete 
| 196|0x000000008c400000, 0x000000008c500000, 0x000000008c500000|100%| S|CS|TAMS 0x000000008c400000, 0x000000008c400000| Complete 
| 197|0x000000008c500000, 0x000000008c500000, 0x000000008c600000|  0%| F|  |TAMS 0x000000008c500000, 0x000000008c500000| Untracked 
| 198|0x000000008c600000, 0x000000008c600000, 0x000000008c700000|  0%| F|  |TAMS 0x000000008c600000, 0x000000008c600000| Untracked 
| 199|0x000000008c700000, 0x000000008c700000, 0x000000008c800000|  0%| F|  |TAMS 0x000000008c700000, 0x000000008c700000| Untracked 
| 200|0x000000008c800000, 0x000000008c800000, 0x000000008c900000|  0%| F|  |TAMS 0x000000008c800000, 0x000000008c800000| Untracked 
| 201|0x000000008c900000, 0x000000008c900000, 0x000000008ca00000|  0%| F|  |TAMS 0x000000008c900000, 0x000000008c900000| Untracked 
| 202|0x000000008ca00000, 0x000000008ca00000, 0x000000008cb00000|  0%| F|  |TAMS 0x000000008ca00000, 0x000000008ca00000| Untracked 
| 203|0x000000008cb00000, 0x000000008cb00000, 0x000000008cc00000|  0%| F|  |TAMS 0x000000008cb00000, 0x000000008cb00000| Untracked 
| 204|0x000000008cc00000, 0x000000008cc00000, 0x000000008cd00000|  0%| F|  |TAMS 0x000000008cc00000, 0x000000008cc00000| Untracked 
| 205|0x000000008cd00000, 0x000000008cd00000, 0x000000008ce00000|  0%| F|  |TAMS 0x000000008cd00000, 0x000000008cd00000| Untracked 
| 206|0x000000008ce00000, 0x000000008ce00000, 0x000000008cf00000|  0%| F|  |TAMS 0x000000008ce00000, 0x000000008ce00000| Untracked 
| 207|0x000000008cf00000, 0x000000008cf00000, 0x000000008d000000|  0%| F|  |TAMS 0x000000008cf00000, 0x000000008cf00000| Untracked 
| 208|0x000000008d000000, 0x000000008d000000, 0x000000008d100000|  0%| F|  |TAMS 0x000000008d000000, 0x000000008d000000| Untracked 
| 209|0x000000008d100000, 0x000000008d100000, 0x000000008d200000|  0%| F|  |TAMS 0x000000008d100000, 0x000000008d100000| Untracked 
| 210|0x000000008d200000, 0x000000008d200000, 0x000000008d300000|  0%| F|  |TAMS 0x000000008d200000, 0x000000008d200000| Untracked 
| 211|0x000000008d300000, 0x000000008d300000, 0x000000008d400000|  0%| F|  |TAMS 0x000000008d300000, 0x000000008d300000| Untracked 
| 212|0x000000008d400000, 0x000000008d400000, 0x000000008d500000|  0%| F|  |TAMS 0x000000008d400000, 0x000000008d400000| Untracked 
| 213|0x000000008d500000, 0x000000008d500000, 0x000000008d600000|  0%| F|  |TAMS 0x000000008d500000, 0x000000008d500000| Untracked 
| 214|0x000000008d600000, 0x000000008d600000, 0x000000008d700000|  0%| F|  |TAMS 0x000000008d600000, 0x000000008d600000| Untracked 
| 215|0x000000008d700000, 0x000000008d700000, 0x000000008d800000|  0%| F|  |TAMS 0x000000008d700000, 0x000000008d700000| Untracked 
| 216|0x000000008d800000, 0x000000008d800000, 0x000000008d900000|  0%| F|  |TAMS 0x000000008d800000, 0x000000008d800000| Untracked 
| 217|0x000000008d900000, 0x000000008d900000, 0x000000008da00000|  0%| F|  |TAMS 0x000000008d900000, 0x000000008d900000| Untracked 
| 218|0x000000008da00000, 0x000000008da00000, 0x000000008db00000|  0%| F|  |TAMS 0x000000008da00000, 0x000000008da00000| Untracked 
| 219|0x000000008db00000, 0x000000008db00000, 0x000000008dc00000|  0%| F|  |TAMS 0x000000008db00000, 0x000000008db00000| Untracked 
| 220|0x000000008dc00000, 0x000000008dcdfe08, 0x000000008dd00000| 87%| E|  |TAMS 0x000000008dc00000, 0x000000008dc00000| Complete 
| 221|0x000000008dd00000, 0x000000008de00000, 0x000000008de00000|100%| E|CS|TAMS 0x000000008dd00000, 0x000000008dd00000| Complete 
| 222|0x000000008de00000, 0x000000008df00000, 0x000000008df00000|100%| E|CS|TAMS 0x000000008de00000, 0x000000008de00000| Complete 
| 223|0x000000008df00000, 0x000000008e000000, 0x000000008e000000|100%| E|CS|TAMS 0x000000008df00000, 0x000000008df00000| Complete 
| 224|0x000000008e000000, 0x000000008e100000, 0x000000008e100000|100%| E|CS|TAMS 0x000000008e000000, 0x000000008e000000| Complete 
| 225|0x000000008e100000, 0x000000008e200000, 0x000000008e200000|100%| E|CS|TAMS 0x000000008e100000, 0x000000008e100000| Complete 
| 226|0x000000008e200000, 0x000000008e300000, 0x000000008e300000|100%| E|CS|TAMS 0x000000008e200000, 0x000000008e200000| Complete 
| 227|0x000000008e300000, 0x000000008e400000, 0x000000008e400000|100%| E|CS|TAMS 0x000000008e300000, 0x000000008e300000| Complete 
| 228|0x000000008e400000, 0x000000008e500000, 0x000000008e500000|100%| E|CS|TAMS 0x000000008e400000, 0x000000008e400000| Complete 
| 229|0x000000008e500000, 0x000000008e600000, 0x000000008e600000|100%| E|CS|TAMS 0x000000008e500000, 0x000000008e500000| Complete 
| 230|0x000000008e600000, 0x000000008e700000, 0x000000008e700000|100%| E|CS|TAMS 0x000000008e600000, 0x000000008e600000| Complete 
| 231|0x000000008e700000, 0x000000008e800000, 0x000000008e800000|100%| E|CS|TAMS 0x000000008e700000, 0x000000008e700000| Complete 
| 232|0x000000008e800000, 0x000000008e900000, 0x000000008e900000|100%| E|CS|TAMS 0x000000008e800000, 0x000000008e800000| Complete 
| 233|0x000000008e900000, 0x000000008ea00000, 0x000000008ea00000|100%| E|CS|TAMS 0x000000008e900000, 0x000000008e900000| Complete 
| 234|0x000000008ea00000, 0x000000008eb00000, 0x000000008eb00000|100%| E|CS|TAMS 0x000000008ea00000, 0x000000008ea00000| Complete 
| 235|0x000000008eb00000, 0x000000008ec00000, 0x000000008ec00000|100%| E|CS|TAMS 0x000000008eb00000, 0x000000008eb00000| Complete 
| 236|0x000000008ec00000, 0x000000008ed00000, 0x000000008ed00000|100%| E|CS|TAMS 0x000000008ec00000, 0x000000008ec00000| Complete 

Card table byte_map: [0x000001fc4a4b0000,0x000001fc4a8b0000] _byte_map_base: 0x000001fc4a0b0000

Marking Bits (Prev, Next): (CMBitMap*) 0x000001fc33623520, (CMBitMap*) 0x000001fc33623560
 Prev Bits: [0x000001fc4acb0000, 0x000001fc4ccb0000)
 Next Bits: [0x000001fc4ccb0000, 0x000001fc4ecb0000)

Polling page: 0x000001fc32d70000

Metaspace:

Usage:
  Non-class:     90.92 MB used.
      Class:     14.46 MB used.
       Both:    105.38 MB used.

Virtual space:
  Non-class space:      128.00 MB reserved,      91.50 MB ( 71%) committed,  2 nodes.
      Class space:      416.00 MB reserved,      14.94 MB (  4%) committed,  1 nodes.
             Both:      544.00 MB reserved,     106.44 MB ( 20%) committed. 

Chunk freelists:
   Non-Class:  4.34 MB
       Class:  1.10 MB
        Both:  5.44 MB

MaxMetaspaceSize: 512.00 MB
CompressedClassSpaceSize: 416.00 MB
Initial GC threshold: 21.00 MB
Current GC threshold: 124.81 MB
CDS: on
MetaspaceReclaimPolicy: balanced
 - commit_granule_bytes: 65536.
 - commit_granule_words: 8192.
 - virtual_space_node_default_size: 8388608.
 - enlarge_chunks_in_place: 1.
 - new_chunks_are_fully_committed: 0.
 - uncommit_free_chunks: 1.
 - use_allocation_guard: 0.
 - handle_deallocations: 1.


Internal statistics:

num_allocs_failed_limit: 9.
num_arena_births: 1326.
num_arena_deaths: 0.
num_vsnodes_births: 3.
num_vsnodes_deaths: 0.
num_space_committed: 1702.
num_space_uncommitted: 0.
num_chunks_returned_to_freelist: 9.
num_chunks_taken_from_freelist: 5898.
num_chunk_merges: 9.
num_chunk_splits: 3833.
num_chunks_enlarged: 2452.
num_inconsistent_stats: 0.

CodeHeap 'non-profiled nmethods': size=120000Kb used=8759Kb max_used=8759Kb free=111240Kb
 bounds [0x000001fc42b80000, 0x000001fc43410000, 0x000001fc4a0b0000]
CodeHeap 'profiled nmethods': size=120000Kb used=26249Kb max_used=26527Kb free=93750Kb
 bounds [0x000001fc3b0b0000, 0x000001fc3caa0000, 0x000001fc425e0000]
CodeHeap 'non-nmethods': size=5760Kb used=2456Kb max_used=2519Kb free=3303Kb
 bounds [0x000001fc425e0000, 0x000001fc42860000, 0x000001fc42b80000]
 total_blobs=14345 nmethods=13365 adapters=890
 compilation: enabled
              stopped_count=0, restarted_count=0
 full_count=0

Compilation events (20 events):
Event: 24.478 Thread 0x000001fc511daf30 nmethod 15695 0x000001fc43406b10 code [0x000001fc43406d40, 0x000001fc43407df8]
Event: 24.478 Thread 0x000001fc511daf30 15697       4       com.google.common.cache.LocalCache$Strength$1::referenceValue (28 bytes)
Event: 24.479 Thread 0x000001fc511daf30 nmethod 15697 0x000001fc43408a10 code [0x000001fc43408ba0, 0x000001fc43408c98]
Event: 24.484 Thread 0x000001fc511daf30 15698       4       org.gradle.cache.internal.btree.FileBackedBlockStore$BlockImpl::<init> (8 bytes)
Event: 24.486 Thread 0x000001fc511daf30 nmethod 15698 0x000001fc43408d90 code [0x000001fc43408f00, 0x000001fc434092f8]
Event: 24.486 Thread 0x000001fc511daf30 15699       4       org.gradle.cache.internal.btree.FileBackedBlockStore$BlockImpl::setPos (34 bytes)
Event: 24.487 Thread 0x000001fc511daf30 nmethod 15699 0x000001fc43409410 code [0x000001fc43409580, 0x000001fc434096b8]
Event: 24.488 Thread 0x000001fc73866ae0 nmethod 15696 0x000001fc43409710 code [0x000001fc43409920, 0x000001fc4340a778]
Event: 24.497 Thread 0x000001fc73866ae0 15700       4       org.gradle.cache.internal.ExclusiveCacheAccessingWorker$1::call (10 bytes)
Event: 24.497 Thread 0x000001fc511daf30 15701       4       com.google.common.cache.AbstractCache$SimpleStatsCounter::recordLoadSuccess (20 bytes)
Event: 24.499 Thread 0x000001fc511daf30 nmethod 15701 0x000001fc4340b110 code [0x000001fc4340b2a0, 0x000001fc4340b438]
Event: 24.499 Thread 0x000001fc511daf30 15702       4       com.google.common.cache.AbstractCache$SimpleStatsCounter::recordMisses (12 bytes)
Event: 24.500 Thread 0x000001fc511daf30 nmethod 15702 0x000001fc4340b690 code [0x000001fc4340b820, 0x000001fc4340b918]
Event: 24.504 Thread 0x000001fc511daf30 15703       4       org.gradle.internal.file.FileHierarchySet$PrefixFileSet::contains (10 bytes)
Event: 24.505 Thread 0x000001fc511daf30 nmethod 15703 0x000001fc4340ba90 code [0x000001fc4340bc20, 0x000001fc4340bce8]
Event: 24.516 Thread 0x000001fc511daf30 15704       4       sun.nio.fs.NativeBuffers::getNativeBufferFromCache (51 bytes)
Event: 24.528 Thread 0x000001fc511daf30 nmethod 15704 0x000001fc4340be10 code [0x000001fc4340c000, 0x000001fc4340ca00]
Event: 24.528 Thread 0x000001fc511daf30 15706       4       org.gradle.cache.internal.btree.KeyHasher$MessageDigestStream::write (11 bytes)
Event: 24.535 Thread 0x000001fc511daf30 nmethod 15706 0x000001fc4340d110 code [0x000001fc4340d2c0, 0x000001fc4340d9e8]
Event: 24.536 Thread 0x000001fc511daf30 15705       4       org.gradle.cache.internal.AsyncCacheAccessDecoratedCache$$Lambda$512/0x000001fc5347f120::create (12 bytes)

GC Heap History (20 events):
Event: 18.386 GC heap before
{Heap before GC invocations=30 (full 0):
 garbage-first heap   total 242688K, used 191454K [0x0000000080000000, 0x0000000100000000)
  region size 1024K, 100 young (102400K), 7 survivors (7168K)
 Metaspace       used 92274K, committed 93184K, reserved 557056K
  class space    used 12887K, committed 13312K, reserved 425984K
}
Event: 18.396 GC heap after
{Heap after GC invocations=31 (full 0):
 garbage-first heap   total 242688K, used 99399K [0x0000000080000000, 0x0000000100000000)
  region size 1024K, 11 young (11264K), 11 survivors (11264K)
 Metaspace       used 92274K, committed 93184K, reserved 557056K
  class space    used 12887K, committed 13312K, reserved 425984K
}
Event: 19.422 GC heap before
{Heap before GC invocations=31 (full 0):
 garbage-first heap   total 242688K, used 195655K [0x0000000080000000, 0x0000000100000000)
  region size 1024K, 104 young (106496K), 11 survivors (11264K)
 Metaspace       used 96172K, committed 97152K, reserved 557056K
  class space    used 13383K, committed 13824K, reserved 425984K
}
Event: 19.439 GC heap after
{Heap after GC invocations=32 (full 0):
 garbage-first heap   total 242688K, used 116079K [0x0000000080000000, 0x0000000100000000)
  region size 1024K, 13 young (13312K), 13 survivors (13312K)
 Metaspace       used 96172K, committed 97152K, reserved 557056K
  class space    used 13383K, committed 13824K, reserved 425984K
}
Event: 20.421 GC heap before
{Heap before GC invocations=32 (full 0):
 garbage-first heap   total 242688K, used 197999K [0x0000000080000000, 0x0000000100000000)
  region size 1024K, 88 young (90112K), 13 survivors (13312K)
 Metaspace       used 97271K, committed 98304K, reserved 557056K
  class space    used 13497K, committed 14016K, reserved 425984K
}
Event: 20.438 GC heap after
{Heap after GC invocations=33 (full 0):
 garbage-first heap   total 242688K, used 140014K [0x0000000080000000, 0x0000000100000000)
  region size 1024K, 11 young (11264K), 11 survivors (11264K)
 Metaspace       used 97271K, committed 98304K, reserved 557056K
  class space    used 13497K, committed 14016K, reserved 425984K
}
Event: 21.021 GC heap before
{Heap before GC invocations=33 (full 0):
 garbage-first heap   total 242688K, used 192238K [0x0000000080000000, 0x0000000100000000)
  region size 1024K, 62 young (63488K), 11 survivors (11264K)
 Metaspace       used 100705K, committed 101696K, reserved 557056K
  class space    used 14013K, committed 14464K, reserved 425984K
}
Event: 21.031 GC heap after
{Heap after GC invocations=34 (full 0):
 garbage-first heap   total 242688K, used 145229K [0x0000000080000000, 0x0000000100000000)
  region size 1024K, 5 young (5120K), 5 survivors (5120K)
 Metaspace       used 100705K, committed 101696K, reserved 557056K
  class space    used 14013K, committed 14464K, reserved 425984K
}
Event: 21.699 GC heap before
{Heap before GC invocations=34 (full 0):
 garbage-first heap   total 242688K, used 195405K [0x0000000080000000, 0x0000000100000000)
  region size 1024K, 54 young (55296K), 5 survivors (5120K)
 Metaspace       used 103327K, committed 104384K, reserved 557056K
  class space    used 14361K, committed 14848K, reserved 425984K
}
Event: 21.711 GC heap after
{Heap after GC invocations=35 (full 0):
 garbage-first heap   total 242688K, used 150393K [0x0000000080000000, 0x0000000100000000)
  region size 1024K, 7 young (7168K), 7 survivors (7168K)
 Metaspace       used 103327K, committed 104384K, reserved 557056K
  class space    used 14361K, committed 14848K, reserved 425984K
}
Event: 22.110 GC heap before
{Heap before GC invocations=35 (full 0):
 garbage-first heap   total 242688K, used 198521K [0x0000000080000000, 0x0000000100000000)
  region size 1024K, 54 young (55296K), 7 survivors (7168K)
 Metaspace       used 104215K, committed 105216K, reserved 557056K
  class space    used 14450K, committed 14912K, reserved 425984K
}
Event: 22.122 GC heap after
{Heap after GC invocations=36 (full 0):
 garbage-first heap   total 242688K, used 155697K [0x0000000080000000, 0x0000000100000000)
  region size 1024K, 5 young (5120K), 5 survivors (5120K)
 Metaspace       used 104215K, committed 105216K, reserved 557056K
  class space    used 14450K, committed 14912K, reserved 425984K
}
Event: 22.416 GC heap before
{Heap before GC invocations=36 (full 0):
 garbage-first heap   total 242688K, used 199729K [0x0000000080000000, 0x0000000100000000)
  region size 1024K, 48 young (49152K), 5 survivors (5120K)
 Metaspace       used 104781K, committed 105856K, reserved 557056K
  class space    used 14506K, committed 14976K, reserved 425984K
}
Event: 22.429 GC heap after
{Heap after GC invocations=37 (full 0):
 garbage-first heap   total 242688K, used 160633K [0x0000000080000000, 0x0000000100000000)
  region size 1024K, 5 young (5120K), 5 survivors (5120K)
 Metaspace       used 104781K, committed 105856K, reserved 557056K
  class space    used 14506K, committed 14976K, reserved 425984K
}
Event: 23.154 GC heap before
{Heap before GC invocations=37 (full 0):
 garbage-first heap   total 242688K, used 206713K [0x0000000080000000, 0x0000000100000000)
  region size 1024K, 46 young (47104K), 5 survivors (5120K)
 Metaspace       used 107068K, committed 108096K, reserved 557056K
  class space    used 14699K, committed 15168K, reserved 425984K
}
Event: 23.164 GC heap after
{Heap after GC invocations=38 (full 0):
 garbage-first heap   total 242688K, used 165205K [0x0000000080000000, 0x0000000100000000)
  region size 1024K, 5 young (5120K), 5 survivors (5120K)
 Metaspace       used 107068K, committed 108096K, reserved 557056K
  class space    used 14699K, committed 15168K, reserved 425984K
}
Event: 23.658 GC heap before
{Heap before GC invocations=38 (full 0):
 garbage-first heap   total 242688K, used 202069K [0x0000000080000000, 0x0000000100000000)
  region size 1024K, 42 young (43008K), 5 survivors (5120K)
 Metaspace       used 107340K, committed 108352K, reserved 557056K
  class space    used 14706K, committed 15168K, reserved 425984K
}
Event: 23.664 GC heap after
{Heap after GC invocations=39 (full 0):
 garbage-first heap   total 242688K, used 166886K [0x0000000080000000, 0x0000000100000000)
  region size 1024K, 2 young (2048K), 2 survivors (2048K)
 Metaspace       used 107340K, committed 108352K, reserved 557056K
  class space    used 14706K, committed 15168K, reserved 425984K
}
Event: 24.295 GC heap before
{Heap before GC invocations=39 (full 0):
 garbage-first heap   total 242688K, used 204774K [0x0000000080000000, 0x0000000100000000)
  region size 1024K, 40 young (40960K), 2 survivors (2048K)
 Metaspace       used 107910K, committed 108992K, reserved 557056K
  class space    used 14808K, committed 15296K, reserved 425984K
}
Event: 24.301 GC heap after
{Heap after GC invocations=40 (full 0):
 garbage-first heap   total 242688K, used 170873K [0x0000000080000000, 0x0000000100000000)
  region size 1024K, 5 young (5120K), 5 survivors (5120K)
 Metaspace       used 107910K, committed 108992K, reserved 557056K
  class space    used 14808K, committed 15296K, reserved 425984K
}

Dll operation events (14 events):
Event: 0.010 Loaded shared library C:\Program Files\Microsoft\jdk-17.0.8.7-hotspot\bin\java.dll
Event: 0.023 Loaded shared library C:\Program Files\Microsoft\jdk-17.0.8.7-hotspot\bin\jsvml.dll
Event: 0.056 Loaded shared library C:\Program Files\Microsoft\jdk-17.0.8.7-hotspot\bin\zip.dll
Event: 0.059 Loaded shared library C:\Program Files\Microsoft\jdk-17.0.8.7-hotspot\bin\instrument.dll
Event: 0.062 Loaded shared library C:\Program Files\Microsoft\jdk-17.0.8.7-hotspot\bin\net.dll
Event: 0.063 Loaded shared library C:\Program Files\Microsoft\jdk-17.0.8.7-hotspot\bin\nio.dll
Event: 0.065 Loaded shared library C:\Program Files\Microsoft\jdk-17.0.8.7-hotspot\bin\zip.dll
Event: 0.191 Loaded shared library C:\Program Files\Microsoft\jdk-17.0.8.7-hotspot\bin\jimage.dll
Event: 0.238 Loaded shared library C:\Program Files\Microsoft\jdk-17.0.8.7-hotspot\bin\verify.dll
Event: 0.343 Loaded shared library C:\Users\nitin\.gradle\native\68d5fa5c4cc2d200863cafc0d521ce42e7d3e7ee720ec0a83991735586a16f82\windows-amd64\native-platform.dll
Event: 0.353 Loaded shared library C:\Users\nitin\.gradle\native\e376f236ea51e6404a007f0833ffe2c6e607c4080706a723a18a27aeea778392\windows-amd64\native-platform-file-events.dll
Event: 1.029 Loaded shared library C:\Program Files\Microsoft\jdk-17.0.8.7-hotspot\bin\management.dll
Event: 1.031 Loaded shared library C:\Program Files\Microsoft\jdk-17.0.8.7-hotspot\bin\management_ext.dll
Event: 1.318 Loaded shared library C:\Program Files\Microsoft\jdk-17.0.8.7-hotspot\bin\sunmscapi.dll

Deoptimization events (20 events):
Event: 23.763 Thread 0x000001fc739bf2a0 Uncommon trap: trap_request=0xffffffc6 fr.pc=0x000001fc42ffefc0 relative=0x00000000000000a0
Event: 23.763 Thread 0x000001fc739bf2a0 Uncommon trap: reason=bimorphic_or_optimized_type_check action=maybe_recompile pc=0x000001fc42ffefc0 method=org.gradle.execution.plan.ActionNode.hasPendingPreExecutionNodes()Z @ 11 c2
Event: 23.763 Thread 0x000001fc739bf2a0 DEOPT PACKING pc=0x000001fc42ffefc0 sp=0x00000087407fed10
Event: 23.763 Thread 0x000001fc739bf2a0 DEOPT UNPACKING pc=0x000001fc4263a1a3 sp=0x00000087407fec98 mode 2
Event: 23.772 Thread 0x000001fc739bf2a0 Uncommon trap: trap_request=0xffffffc6 fr.pc=0x000001fc42ffefc0 relative=0x00000000000000a0
Event: 23.772 Thread 0x000001fc739bf2a0 Uncommon trap: reason=bimorphic_or_optimized_type_check action=maybe_recompile pc=0x000001fc42ffefc0 method=org.gradle.execution.plan.ActionNode.hasPendingPreExecutionNodes()Z @ 11 c2
Event: 23.772 Thread 0x000001fc739bf2a0 DEOPT PACKING pc=0x000001fc42ffefc0 sp=0x00000087407fed10
Event: 23.772 Thread 0x000001fc739bf2a0 DEOPT UNPACKING pc=0x000001fc4263a1a3 sp=0x00000087407fec98 mode 2
Event: 23.786 Thread 0x000001fc739bf2a0 Uncommon trap: trap_request=0xffffffc6 fr.pc=0x000001fc42ffefc0 relative=0x00000000000000a0
Event: 23.786 Thread 0x000001fc739bf2a0 Uncommon trap: reason=bimorphic_or_optimized_type_check action=maybe_recompile pc=0x000001fc42ffefc0 method=org.gradle.execution.plan.ActionNode.hasPendingPreExecutionNodes()Z @ 11 c2
Event: 23.786 Thread 0x000001fc739bf2a0 DEOPT PACKING pc=0x000001fc42ffefc0 sp=0x00000087407fed10
Event: 23.786 Thread 0x000001fc739bf2a0 DEOPT UNPACKING pc=0x000001fc4263a1a3 sp=0x00000087407fec98 mode 2
Event: 23.790 Thread 0x000001fc739bf2a0 Uncommon trap: trap_request=0xffffffc6 fr.pc=0x000001fc42ffefc0 relative=0x00000000000000a0
Event: 23.790 Thread 0x000001fc739bf2a0 Uncommon trap: reason=bimorphic_or_optimized_type_check action=maybe_recompile pc=0x000001fc42ffefc0 method=org.gradle.execution.plan.ActionNode.hasPendingPreExecutionNodes()Z @ 11 c2
Event: 23.790 Thread 0x000001fc739bf2a0 DEOPT PACKING pc=0x000001fc42ffefc0 sp=0x00000087407fed10
Event: 23.790 Thread 0x000001fc739bf2a0 DEOPT UNPACKING pc=0x000001fc4263a1a3 sp=0x00000087407fec98 mode 2
Event: 24.307 Thread 0x000001fc739c3470 Uncommon trap: trap_request=0xffffff45 fr.pc=0x000001fc433dac08 relative=0x0000000000000c48
Event: 24.307 Thread 0x000001fc739c3470 Uncommon trap: reason=unstable_if action=reinterpret pc=0x000001fc433dac08 method=java.util.concurrent.ArrayBlockingQueue.enqueue(Ljava/lang/Object;)V @ 25 c2
Event: 24.307 Thread 0x000001fc739c3470 DEOPT PACKING pc=0x000001fc433dac08 sp=0x0000008740ffa6f0
Event: 24.307 Thread 0x000001fc739c3470 DEOPT UNPACKING pc=0x000001fc4263a1a3 sp=0x0000008740ffa5f8 mode 2

Classes unloaded (0 events):
No events

Classes redefined (0 events):
No events

Internal exceptions (20 events):
Event: 21.629 Thread 0x000001fc716811a0 Implicit null exception at 0x000001fc432d3c38 to 0x000001fc432d4710
Event: 21.711 Thread 0x000001fc511b1730 Implicit null exception at 0x000001fc42ffe67d to 0x000001fc42ffec88
Event: 21.869 Thread 0x000001fc716811a0 Exception <a 'java/lang/IncompatibleClassChangeError'{0x000000008db5a500}: Found class java.lang.Object, but interface was expected> (0x000000008db5a500) 
thrown [s\src\hotspot\share\interpreter\linkResolver.cpp, line 826]
Event: 21.938 Thread 0x000001fc716811a0 Exception <a 'sun/nio/fs/WindowsException'{0x000000008d206b28}> (0x000000008d206b28) 
thrown [s\src\hotspot\share\prims\jni.cpp, line 516]
Event: 21.938 Thread 0x000001fc716811a0 Exception <a 'sun/nio/fs/WindowsException'{0x000000008d208168}> (0x000000008d208168) 
thrown [s\src\hotspot\share\prims\jni.cpp, line 516]
Event: 21.938 Thread 0x000001fc716811a0 Exception <a 'sun/nio/fs/WindowsException'{0x000000008d2097f8}> (0x000000008d2097f8) 
thrown [s\src\hotspot\share\prims\jni.cpp, line 516]
Event: 21.938 Thread 0x000001fc716811a0 Exception <a 'sun/nio/fs/WindowsException'{0x000000008d20ae88}> (0x000000008d20ae88) 
thrown [s\src\hotspot\share\prims\jni.cpp, line 516]
Event: 22.562 Thread 0x000001fc716811a0 Exception <a 'java/lang/NoSuchMethodError'{0x000000008df85598}: static Lcom/android/build/gradle/internal/profile/ProjectData;.<clinit>()V> (0x000000008df85598) 
thrown [s\src\hotspot\share\prims\jni.cpp, line 1107]
Event: 22.573 Thread 0x000001fc716811a0 Exception <a 'java/lang/NoSuchMethodError'{0x000000008de014c8}: static Lcom/android/build/gradle/internal/profile/TaskMetadata;.<clinit>()V> (0x000000008de014c8) 
thrown [s\src\hotspot\share\prims\jni.cpp, line 1107]
Event: 22.643 Thread 0x000001fc716811a0 Exception <a 'sun/nio/fs/WindowsException'{0x000000008da57328}> (0x000000008da57328) 
thrown [s\src\hotspot\share\prims\jni.cpp, line 516]
Event: 22.718 Thread 0x000001fc739c2a50 Exception <a 'java/lang/NoSuchMethodError'{0x000000008d6e2df0}: 'void java.lang.invoke.DirectMethodHandle$Holder.invokeStatic(java.lang.Object, java.lang.Object, java.lang.Object, java.lang.Object, int, java.lang.Object, java.lang.Object)'> (0x000000008d6e2df0) 
thrown [s\src\hotspot\share\interpreter\linkResolver.cpp, line 759]
Event: 22.748 Thread 0x000001fc739c2a50 Exception <a 'java/lang/NoSuchMethodError'{0x000000008d40e258}: 'java.lang.Object java.lang.invoke.DirectMethodHandle$Holder.invokeSpecialIFC(java.lang.Object, java.lang.Object, java.lang.Object)'> (0x000000008d40e258) 
thrown [s\src\hotspot\share\interpreter\linkResolver.cpp, line 759]
Event: 22.892 Thread 0x000001fc75e609f0 Exception <a 'java/lang/NoSuchMethodError'{0x000000008ce22128}: 'void java.lang.invoke.DirectMethodHandle$Holder.invokeVirtual(java.lang.Object, java.lang.Object)'> (0x000000008ce22128) 
thrown [s\src\hotspot\share\interpreter\linkResolver.cpp, line 759]
Event: 23.718 Thread 0x000001fc739bf2a0 Exception <a 'java/lang/ClassNotFoundException'{0x000000008e9e45c0}: groovy/util/FileTreeBuilderBeanInfo> (0x000000008e9e45c0) 
thrown [s\src\hotspot\share\classfile\systemDictionary.cpp, line 256]
Event: 23.719 Thread 0x000001fc739bf2a0 Exception <a 'java/lang/ClassNotFoundException'{0x000000008e850500}: groovy/util/FileTreeBuilderCustomizer> (0x000000008e850500) 
thrown [s\src\hotspot\share\classfile\systemDictionary.cpp, line 256]
Event: 23.732 Thread 0x000001fc739bf2a0 Exception <a 'java/lang/ClassNotFoundException'{0x000000008e8eae30}: java/io/BufferedWriterBeanInfo> (0x000000008e8eae30) 
thrown [s\src\hotspot\share\classfile\systemDictionary.cpp, line 256]
Event: 23.733 Thread 0x000001fc739bf2a0 Exception <a 'java/lang/ClassNotFoundException'{0x000000008e8f0288}: java/io/WriterBeanInfo> (0x000000008e8f0288) 
thrown [s\src\hotspot\share\classfile\systemDictionary.cpp, line 256]
Event: 23.733 Thread 0x000001fc739bf2a0 Exception <a 'java/lang/ClassNotFoundException'{0x000000008e8f5700}: java/io/WriterCustomizer> (0x000000008e8f5700) 
thrown [s\src\hotspot\share\classfile\systemDictionary.cpp, line 256]
Event: 23.733 Thread 0x000001fc739bf2a0 Exception <a 'java/lang/ClassNotFoundException'{0x000000008e703f78}: java/io/BufferedWriterCustomizer> (0x000000008e703f78) 
thrown [s\src\hotspot\share\classfile\systemDictionary.cpp, line 256]
Event: 23.753 Thread 0x000001fc739bf2a0 Exception <a 'java/lang/NoSuchMethodError'{0x000000008e7bb660}: static Lcom/android/build/api/variant/BuildConfigField;.<clinit>()V> (0x000000008e7bb660) 
thrown [s\src\hotspot\share\prims\jni.cpp, line 1107]

VM Operations (20 events):
Event: 22.862 Executing VM operation: HandshakeAllThreads
Event: 22.863 Executing VM operation: HandshakeAllThreads done
Event: 22.887 Executing VM operation: ICBufferFull
Event: 22.887 Executing VM operation: ICBufferFull done
Event: 23.154 Executing VM operation: G1CollectForAllocation
Event: 23.164 Executing VM operation: G1CollectForAllocation done
Event: 23.556 Executing VM operation: ICBufferFull
Event: 23.556 Executing VM operation: ICBufferFull done
Event: 23.658 Executing VM operation: G1CollectForAllocation
Event: 23.665 Executing VM operation: G1CollectForAllocation done
Event: 23.691 Executing VM operation: HandshakeAllThreads
Event: 23.691 Executing VM operation: HandshakeAllThreads done
Event: 23.724 Executing VM operation: HandshakeAllThreads
Event: 23.724 Executing VM operation: HandshakeAllThreads done
Event: 23.726 Executing VM operation: HandshakeAllThreads
Event: 23.726 Executing VM operation: HandshakeAllThreads done
Event: 23.908 Executing VM operation: ICBufferFull
Event: 23.909 Executing VM operation: ICBufferFull done
Event: 24.295 Executing VM operation: G1CollectForAllocation
Event: 24.301 Executing VM operation: G1CollectForAllocation done

Events (20 events):
Event: 23.540 Thread 0x000001fc7c457160 Thread added: 0x000001fc7c457160
Event: 23.540 Thread 0x000001fc7c4539b0 Thread added: 0x000001fc7c4539b0
Event: 23.540 Thread 0x000001fc7c453ec0 Thread added: 0x000001fc7c453ec0
Event: 23.675 Thread 0x000001fc7c6d7530 Thread added: 0x000001fc7c6d7530
Event: 23.731 loading class java/io/BufferedWriterBeanInfo
Event: 23.731 loading class java/io/BufferedWriterBeanInfo done
Event: 23.732 loading class java/io/BufferedWriterBeanInfo
Event: 23.732 loading class java/io/BufferedWriterBeanInfo done
Event: 23.733 loading class java/io/WriterBeanInfo
Event: 23.733 loading class java/io/WriterBeanInfo done
Event: 23.733 loading class java/io/WriterBeanInfo
Event: 23.733 loading class java/io/WriterBeanInfo done
Event: 23.733 loading class java/io/WriterCustomizer
Event: 23.733 loading class java/io/WriterCustomizer done
Event: 23.733 loading class java/io/WriterCustomizer
Event: 23.733 loading class java/io/WriterCustomizer done
Event: 23.733 loading class java/io/BufferedWriterCustomizer
Event: 23.733 loading class java/io/BufferedWriterCustomizer done
Event: 23.733 loading class java/io/BufferedWriterCustomizer
Event: 23.733 loading class java/io/BufferedWriterCustomizer done


Dynamic libraries:
0x00007ff6805d0000 - 0x00007ff6805de000 	C:\Program Files\Microsoft\jdk-17.0.8.7-hotspot\bin\java.exe
0x00007fff57450000 - 0x00007fff57666000 	C:\WINDOWS\SYSTEM32\ntdll.dll
0x00007fff55a80000 - 0x00007fff55b44000 	C:\WINDOWS\System32\KERNEL32.DLL
0x00007fff54d70000 - 0x00007fff55116000 	C:\WINDOWS\System32\KERNELBASE.dll
0x00007fff54c50000 - 0x00007fff54d61000 	C:\WINDOWS\System32\ucrtbase.dll
0x00007ffeebeb0000 - 0x00007ffeebec7000 	C:\Program Files\Microsoft\jdk-17.0.8.7-hotspot\bin\jli.dll
0x00007ffed5dd0000 - 0x00007ffed5deb000 	C:\Program Files\Microsoft\jdk-17.0.8.7-hotspot\bin\VCRUNTIME140.dll
0x00007fff556d0000 - 0x00007fff5587d000 	C:\WINDOWS\System32\USER32.dll
0x00007fff548b0000 - 0x00007fff548d6000 	C:\WINDOWS\System32\win32u.dll
0x00007fff56b20000 - 0x00007fff56b49000 	C:\WINDOWS\System32\GDI32.dll
0x00007fff54790000 - 0x00007fff548a8000 	C:\WINDOWS\System32\gdi32full.dll
0x00007fff3b8b0000 - 0x00007fff3bb43000 	C:\WINDOWS\WinSxS\amd64_microsoft.windows.common-controls_6595b64144ccf1df_6.0.22621.3235_none_270f74e173860f98\COMCTL32.dll
0x00007fff54b80000 - 0x00007fff54c1a000 	C:\WINDOWS\System32\msvcp_win.dll
0x00007fff552d0000 - 0x00007fff55377000 	C:\WINDOWS\System32\msvcrt.dll
0x00007fff55fa0000 - 0x00007fff55fd1000 	C:\WINDOWS\System32\IMM32.DLL
0x00007fff23350000 - 0x00007fff2335c000 	C:\Program Files\Microsoft\jdk-17.0.8.7-hotspot\bin\vcruntime140_1.dll
0x00007ffed3c00000 - 0x00007ffed3c8d000 	C:\Program Files\Microsoft\jdk-17.0.8.7-hotspot\bin\msvcp140.dll
0x00007ffed2f90000 - 0x00007ffed3bf5000 	C:\Program Files\Microsoft\jdk-17.0.8.7-hotspot\bin\server\jvm.dll
0x00007fff56600000 - 0x00007fff566b2000 	C:\WINDOWS\System32\ADVAPI32.dll
0x00007fff55ee0000 - 0x00007fff55f88000 	C:\WINDOWS\System32\sechost.dll
0x00007fff54c20000 - 0x00007fff54c48000 	C:\WINDOWS\System32\bcrypt.dll
0x00007fff55880000 - 0x00007fff55995000 	C:\WINDOWS\System32\RPCRT4.dll
0x00007fff54060000 - 0x00007fff540ad000 	C:\WINDOWS\SYSTEM32\POWRPROF.dll
0x00007fff34c70000 - 0x00007fff34c79000 	C:\WINDOWS\SYSTEM32\WSOCK32.dll
0x00007fff45890000 - 0x00007fff4589a000 	C:\WINDOWS\SYSTEM32\VERSION.dll
0x00007fff56aa0000 - 0x00007fff56b11000 	C:\WINDOWS\System32\WS2_32.dll
0x00007fff47230000 - 0x00007fff47264000 	C:\WINDOWS\SYSTEM32\WINMM.dll
0x00007fff54040000 - 0x00007fff54053000 	C:\WINDOWS\SYSTEM32\UMPDC.dll
0x00007fff537d0000 - 0x00007fff537e8000 	C:\WINDOWS\SYSTEM32\kernel.appcore.dll
0x00007ffed2f80000 - 0x00007ffed2f8a000 	C:\Program Files\Microsoft\jdk-17.0.8.7-hotspot\bin\jimage.dll
0x00007fff52050000 - 0x00007fff52283000 	C:\WINDOWS\SYSTEM32\DBGHELP.DLL
0x00007fff55b50000 - 0x00007fff55ed8000 	C:\WINDOWS\System32\combase.dll
0x00007fff559a0000 - 0x00007fff55a77000 	C:\WINDOWS\System32\OLEAUT32.dll
0x00007fff372a0000 - 0x00007fff372d2000 	C:\WINDOWS\SYSTEM32\dbgcore.DLL
0x00007fff55120000 - 0x00007fff5519a000 	C:\WINDOWS\System32\bcryptPrimitives.dll
0x00007fff355f0000 - 0x00007fff355fe000 	C:\Program Files\Microsoft\jdk-17.0.8.7-hotspot\bin\instrument.dll
0x00007ffed2f50000 - 0x00007ffed2f75000 	C:\Program Files\Microsoft\jdk-17.0.8.7-hotspot\bin\java.dll
0x00007ffed2e70000 - 0x00007ffed2f47000 	C:\Program Files\Microsoft\jdk-17.0.8.7-hotspot\bin\jsvml.dll
0x00007fff56bb0000 - 0x00007fff5740d000 	C:\WINDOWS\System32\SHELL32.dll
0x00007fff526f0000 - 0x00007fff52fe8000 	C:\WINDOWS\SYSTEM32\windows.storage.dll
0x00007fff525b0000 - 0x00007fff526ee000 	C:\WINDOWS\SYSTEM32\wintypes.dll
0x00007fff551a0000 - 0x00007fff55293000 	C:\WINDOWS\System32\SHCORE.dll
0x00007fff56a40000 - 0x00007fff56a9e000 	C:\WINDOWS\System32\shlwapi.dll
0x00007fff546c0000 - 0x00007fff546e6000 	C:\WINDOWS\SYSTEM32\profapi.dll
0x00007ffed2e30000 - 0x00007ffed2e48000 	C:\Program Files\Microsoft\jdk-17.0.8.7-hotspot\bin\zip.dll
0x00007ffed2a20000 - 0x00007ffed2a39000 	C:\Program Files\Microsoft\jdk-17.0.8.7-hotspot\bin\net.dll
0x00007fff49540000 - 0x00007fff49677000 	C:\WINDOWS\SYSTEM32\WINHTTP.dll
0x00007fff53c50000 - 0x00007fff53cb9000 	C:\WINDOWS\system32\mswsock.dll
0x00007ffed2e50000 - 0x00007ffed2e66000 	C:\Program Files\Microsoft\jdk-17.0.8.7-hotspot\bin\nio.dll
0x00007fff44fd0000 - 0x00007fff44fe0000 	C:\Program Files\Microsoft\jdk-17.0.8.7-hotspot\bin\verify.dll
0x00007ffed4c50000 - 0x00007ffed4c77000 	C:\Users\nitin\.gradle\native\68d5fa5c4cc2d200863cafc0d521ce42e7d3e7ee720ec0a83991735586a16f82\windows-amd64\native-platform.dll
0x00007ffed3e40000 - 0x00007ffed3f84000 	C:\Users\nitin\.gradle\native\e376f236ea51e6404a007f0833ffe2c6e607c4080706a723a18a27aeea778392\windows-amd64\native-platform-file-events.dll
0x00007ffed2c30000 - 0x00007ffed2c39000 	C:\Program Files\Microsoft\jdk-17.0.8.7-hotspot\bin\management.dll
0x00007ffed2c20000 - 0x00007ffed2c2b000 	C:\Program Files\Microsoft\jdk-17.0.8.7-hotspot\bin\management_ext.dll
0x00007fff552c0000 - 0x00007fff552c8000 	C:\WINDOWS\System32\PSAPI.DLL
0x00007fff53f10000 - 0x00007fff53f2b000 	C:\WINDOWS\SYSTEM32\CRYPTSP.dll
0x00007fff53730000 - 0x00007fff53765000 	C:\WINDOWS\system32\rsaenh.dll
0x00007fff53db0000 - 0x00007fff53ddc000 	C:\WINDOWS\SYSTEM32\USERENV.dll
0x00007fff53f30000 - 0x00007fff53f3c000 	C:\WINDOWS\SYSTEM32\CRYPTBASE.dll
0x00007fff53250000 - 0x00007fff5327d000 	C:\WINDOWS\SYSTEM32\IPHLPAPI.DLL
0x00007fff55f90000 - 0x00007fff55f99000 	C:\WINDOWS\System32\NSI.dll
0x00007fff48900000 - 0x00007fff48919000 	C:\WINDOWS\SYSTEM32\dhcpcsvc6.DLL
0x00007fff488e0000 - 0x00007fff488ff000 	C:\WINDOWS\SYSTEM32\dhcpcsvc.DLL
0x00007fff532c0000 - 0x00007fff533b9000 	C:\WINDOWS\SYSTEM32\DNSAPI.dll
0x00007ffed1cf0000 - 0x00007ffed1cfe000 	C:\Program Files\Microsoft\jdk-17.0.8.7-hotspot\bin\sunmscapi.dll
0x00007fff548e0000 - 0x00007fff54a46000 	C:\WINDOWS\System32\CRYPT32.dll
0x00007fff54150000 - 0x00007fff5417e000 	C:\WINDOWS\SYSTEM32\ncrypt.dll
0x00007fff54110000 - 0x00007fff54147000 	C:\WINDOWS\SYSTEM32\NTASN1.dll
0x00007fff067e0000 - 0x00007fff067e8000 	C:\WINDOWS\system32\wshunix.dll
0x00007fff45c60000 - 0x00007fff45c6a000 	C:\Windows\System32\rasadhlp.dll
0x00007fff475a0000 - 0x00007fff47623000 	C:\WINDOWS\System32\fwpuclnt.dll
0x00007fff35080000 - 0x00007fff35097000 	C:\WINDOWS\system32\napinsp.dll
0x00007fff35060000 - 0x00007fff3507b000 	C:\WINDOWS\system32\pnrpnsp.dll
0x00007fff35040000 - 0x00007fff35051000 	C:\WINDOWS\System32\winrnr.dll
0x00007fff45780000 - 0x00007fff45795000 	C:\WINDOWS\system32\wshbth.dll
0x00007fff35010000 - 0x00007fff35031000 	C:\WINDOWS\system32\nlansp_c.dll

dbghelp: loaded successfully - version: 4.0.5 - missing functions: none
symbol engine: initialized successfully - sym options: 0x614 - pdb path: .;C:\Program Files\Microsoft\jdk-17.0.8.7-hotspot\bin;C:\WINDOWS\SYSTEM32;C:\WINDOWS\WinSxS\amd64_microsoft.windows.common-controls_6595b64144ccf1df_6.0.22621.3235_none_270f74e173860f98;C:\Program Files\Microsoft\jdk-17.0.8.7-hotspot\bin\server;C:\Users\nitin\.gradle\native\68d5fa5c4cc2d200863cafc0d521ce42e7d3e7ee720ec0a83991735586a16f82\windows-amd64;C:\Users\nitin\.gradle\native\e376f236ea51e6404a007f0833ffe2c6e607c4080706a723a18a27aeea778392\windows-amd64

VM Arguments:
jvm_args: -XX:MaxMetaspaceSize=512m --add-opens=java.base/java.util=ALL-UNNAMED --add-opens=java.base/java.lang=ALL-UNNAMED --add-opens=java.base/java.lang.invoke=ALL-UNNAMED --add-opens=java.prefs/java.util.prefs=ALL-UNNAMED --add-opens=java.base/java.nio.charset=ALL-UNNAMED --add-opens=java.base/java.net=ALL-UNNAMED --add-opens=java.base/java.util.concurrent.atomic=ALL-UNNAMED -Xmx2048m -Dfile.encoding=windows-1252 -Duser.country=IN -Duser.language=en -Duser.variant -javaagent:C:\Users\nitin\.gradle\wrapper\dists\gradle-8.3-all\6en3ugtfdg5xnpx44z4qbwgas\gradle-8.3\lib\agents\gradle-instrumentation-agent-8.3.jar 
java_command: org.gradle.launcher.daemon.bootstrap.GradleDaemon 8.3
java_class_path (initial): C:\Users\nitin\.gradle\wrapper\dists\gradle-8.3-all\6en3ugtfdg5xnpx44z4qbwgas\gradle-8.3\lib\gradle-launcher-8.3.jar
Launcher Type: SUN_STANDARD

[Global flags]
     intx CICompilerCount                          = 3                                         {product} {ergonomic}
   size_t CompressedClassSpaceSize                 = 436207616                                 {product} {ergonomic}
     uint ConcGCThreads                            = 1                                         {product} {ergonomic}
     uint G1ConcRefinementThreads                  = 4                                         {product} {ergonomic}
   size_t G1HeapRegionSize                         = 1048576                                   {product} {ergonomic}
    uintx GCDrainStackTargetSize                   = 64                                        {product} {ergonomic}
   size_t InitialHeapSize                          = 130023424                                 {product} {ergonomic}
   size_t MarkStackSize                            = 4194304                                   {product} {ergonomic}
   size_t MaxHeapSize                              = 2147483648                                {product} {command line}
   size_t MaxMetaspaceSize                         = 536870912                                 {product} {command line}
   size_t MaxNewSize                               = 1287651328                                {product} {ergonomic}
   size_t MinHeapDeltaBytes                        = 1048576                                   {product} {ergonomic}
   size_t MinHeapSize                              = 8388608                                   {product} {ergonomic}
    uintx NonNMethodCodeHeapSize                   = 5832780                                {pd product} {ergonomic}
    uintx NonProfiledCodeHeapSize                  = 122912730                              {pd product} {ergonomic}
    uintx ProfiledCodeHeapSize                     = 122912730                              {pd product} {ergonomic}
    uintx ReservedCodeCacheSize                    = 251658240                              {pd product} {ergonomic}
     bool SegmentedCodeCache                       = true                                      {product} {ergonomic}
   size_t SoftMaxHeapSize                          = 2147483648                             {manageable} {ergonomic}
     bool UseCompressedClassPointers               = true                           {product lp64_product} {ergonomic}
     bool UseCompressedOops                        = true                           {product lp64_product} {ergonomic}
     bool UseG1GC                                  = true                                      {product} {ergonomic}
     bool UseLargePagesIndividualAllocation        = false                                  {pd product} {ergonomic}

Logging:
Log output configuration:
 #0: stdout all=warning uptime,level,tags
 #1: stderr all=off uptime,level,tags

Environment Variables:
JAVA_HOME=C:\Program Files\Microsoft\jdk-17.0.8.7-hotspot\
CLASSPATH=C:\Users\nitin\OneDrive\Desktop\CrophubNew\frontend\android\\gradle\wrapper\gradle-wrapper.jar
PATH=C:\Users\nitin\OneDrive\Desktop\CrophubNew\frontend\node_modules\.bin;C:\Users\nitin\OneDrive\Desktop\CrophubNew\frontend\node_modules\.bin;C:\Users\nitin\OneDrive\Desktop\CrophubNew\node_modules\.bin;C:\Users\nitin\OneDrive\Desktop\node_modules\.bin;C:\Users\nitin\OneDrive\node_modules\.bin;C:\Users\nitin\node_modules\.bin;C:\Users\node_modules\.bin;C:\node_modules\.bin;C:\Users\nitin\AppData\Roaming\npm\node_modules\npm\node_modules\@npmcli\run-script\lib\node-gyp-bin;C:\Users\nitin\OneDrive\Desktop\CrophubNew\frontend\node_modules\.bin;C:\Users\nitin\OneDrive\Desktop\CrophubNew\node_modules\.bin;C:\Users\nitin\OneDrive\Desktop\node_modules\.bin;C:\Users\nitin\OneDrive\node_modules\.bin;C:\Users\nitin\node_modules\.bin;C:\Users\node_modules\.bin;C:\node_modules\.bin;C:\Users\nitin\AppData\Roaming\npm\node_modules\npm\node_modules\@npmcli\run-script\lib\node-gyp-bin;C:\Users\nitin\bin;C:\Program Files\Git\mingw64\bin;C:\Program Files\Git\usr\local\bin;C:\Program Files\Git\usr\bin;C:\Program Files\Git\usr\bin;C:\Program Files\Git\mingw64\bin;C:\Program Files\Git\usr\bin;C:\Users\nitin\bin;C:\Program Files\Microsoft\jdk-17.0.8.7-hotspot\bin;C:\Program Files\Common Files\Oracle\Java\javapath;C:\WINDOWS\system32;C:\WINDOWS;C:\WINDOWS\System32\Wbem;C:\WINDOWS\System32\WindowsPowerShell\v1.0;C:\WINDOWS\System32\OpenSSH;C:\Program Files\dotnet;C:\ProgramData\chocolatey\bin;C:\Program Files\nodejs;C:\Program Files\Git\cmd;C:\Users\nitin\AppData\Local\Android\Sdk\platform-tools;D:\flutter\bin;C:\Users\nitin\AppData\Local\Android\Sdk\tools;C:\Users\nitin\AppData\Local\Microsoft\WindowsApps;C:\Users\nitin\AppData\Roaming\npm;C:\Users\nitin\AppData\Local\Programs\Microsoft VS Code\bin;C:\Users\nitin\AppData\Local\Android\Sdk\platform-tools;D:\flutter\bin;C:\Program Files\Git\usr\bin\vendor_perl;C:\Program Files\Git\usr\bin\core_perl
USERNAME=nitin
SHELL=C:\Program Files\Git\usr\bin\bash.exe
DISPLAY=needs-to-be-defined
LANG=en_US.UTF-8
TERM=xterm-256color
TMPDIR=C:\Users\nitin\AppData\Local\Temp
OS=Windows_NT
PROCESSOR_IDENTIFIER=Intel64 Family 6 Model 140 Stepping 2, GenuineIntel
TMP=C:\Users\nitin\AppData\Local\Temp
TEMP=C:\Users\nitin\AppData\Local\Temp



---------------  S Y S T E M  ---------------

OS:
 Windows 11 , 64 bit Build 22621 (10.0.22621.3235)
OS uptime: 0 days 0:03 hours

CPU: total 4 (initial active 4) (2 cores per cpu, 2 threads per core) family 6 model 140 stepping 2 microcode 0x16, cx8, cmov, fxsr, ht, mmx, 3dnowpref, sse, sse2, sse3, ssse3, sse4.1, sse4.2, popcnt, lzcnt, tsc, tscinvbit, avx, avx2, aes, erms, clmul, bmi1, bmi2, adx, avx512f, avx512dq, avx512cd, avx512bw, avx512vl, sha, fma, vzeroupper, avx512_vpopcntdq, avx512_vpclmulqdq, avx512_vaes, avx512_vnni, clflush, clflushopt, clwb, avx512_vbmi2, avx512_vbmi
Processor Information for all 4 processors :
  Max Mhz: 2995, Current Mhz: 2995, Mhz Limit: 2995

Memory: 4k page, system-wide physical 7934M (710M free)
TotalPageFile size 14590M (AvailPageFile size 6110M)
current process WorkingSet (physical memory assigned to process): 549M, peak: 557M
current process commit charge ("private bytes"): 585M, peak: 594M

vm_info: OpenJDK 64-Bit Server VM (17.0.8+7-LTS) for windows-amd64 JRE (17.0.8+7-LTS), built on Jul  7 2023 17:21:55 by "MicrosoftCorporation" with MS VC++ 16.10 / 16.11 (VS2019)

END.
